                              1 ;--------------------------------------------------------
                              2 ; File Created by SDCC : free open source ANSI-C Compiler
                              3 ; Version 3.6.8 #9946 (Linux)
                              4 ;--------------------------------------------------------
                              5 	.module header
                              6 	.optsdcc -mz80
                              7 	
                              8 ;--------------------------------------------------------
                              9 ; Public variables in this module
                             10 ;--------------------------------------------------------
                             11 	.globl _bg_header
                             12 ;--------------------------------------------------------
                             13 ; special function registers
                             14 ;--------------------------------------------------------
                             15 ;--------------------------------------------------------
                             16 ; ram data
                             17 ;--------------------------------------------------------
                             18 	.area _DATA
                             19 ;--------------------------------------------------------
                             20 ; ram data
                             21 ;--------------------------------------------------------
                             22 	.area _INITIALIZED
                             23 ;--------------------------------------------------------
                             24 ; absolute external ram data
                             25 ;--------------------------------------------------------
                             26 	.area _DABS (ABS)
                             27 ;--------------------------------------------------------
                             28 ; global & static initialisations
                             29 ;--------------------------------------------------------
                             30 	.area _HOME
                             31 	.area _GSINIT
                             32 	.area _GSFINAL
                             33 	.area _GSINIT
                             34 ;--------------------------------------------------------
                             35 ; Home
                             36 ;--------------------------------------------------------
                             37 	.area _HOME
                             38 	.area _HOME
                             39 ;--------------------------------------------------------
                             40 ; code
                             41 ;--------------------------------------------------------
                             42 	.area _CODE
                             43 	.area _CODE
   0000                      44 _bg_header:
   0000 00                   45 	.db #0x00	; 0
   0001 00                   46 	.db #0x00	; 0
   0002 00                   47 	.db #0x00	; 0
   0003 D5                   48 	.db #0xd5	; 213
   0004 FF                   49 	.db #0xff	; 255
   0005 FF                   50 	.db #0xff	; 255
   0006 FF                   51 	.db #0xff	; 255
   0007 AA                   52 	.db #0xaa	; 170
   0008 00                   53 	.db #0x00	; 0
   0009 00                   54 	.db #0x00	; 0
   000A 00                   55 	.db #0x00	; 0
   000B 00                   56 	.db #0x00	; 0
   000C 00                   57 	.db #0x00	; 0
   000D 00                   58 	.db #0x00	; 0
   000E 00                   59 	.db #0x00	; 0
   000F 00                   60 	.db #0x00	; 0
   0010 00                   61 	.db #0x00	; 0
   0011 00                   62 	.db #0x00	; 0
   0012 00                   63 	.db #0x00	; 0
   0013 00                   64 	.db #0x00	; 0
   0014 00                   65 	.db #0x00	; 0
   0015 00                   66 	.db #0x00	; 0
   0016 00                   67 	.db #0x00	; 0
   0017 00                   68 	.db #0x00	; 0
   0018 00                   69 	.db #0x00	; 0
   0019 00                   70 	.db #0x00	; 0
   001A 00                   71 	.db #0x00	; 0
   001B 00                   72 	.db #0x00	; 0
   001C 00                   73 	.db #0x00	; 0
   001D 00                   74 	.db #0x00	; 0
   001E 00                   75 	.db #0x00	; 0
   001F 00                   76 	.db #0x00	; 0
   0020 00                   77 	.db #0x00	; 0
   0021 00                   78 	.db #0x00	; 0
   0022 00                   79 	.db #0x00	; 0
   0023 00                   80 	.db #0x00	; 0
   0024 00                   81 	.db #0x00	; 0
   0025 00                   82 	.db #0x00	; 0
   0026 00                   83 	.db #0x00	; 0
   0027 00                   84 	.db #0x00	; 0
   0028 00                   85 	.db #0x00	; 0
   0029 00                   86 	.db #0x00	; 0
   002A 00                   87 	.db #0x00	; 0
   002B 00                   88 	.db #0x00	; 0
   002C 00                   89 	.db #0x00	; 0
   002D 00                   90 	.db #0x00	; 0
   002E 55                   91 	.db #0x55	; 85	'U'
   002F FF                   92 	.db #0xff	; 255
   0030 FF                   93 	.db #0xff	; 255
   0031 FF                   94 	.db #0xff	; 255
   0032 FF                   95 	.db #0xff	; 255
   0033 FF                   96 	.db #0xff	; 255
   0034 80                   97 	.db #0x80	; 128
   0035 00                   98 	.db #0x00	; 0
   0036 00                   99 	.db #0x00	; 0
   0037 00                  100 	.db #0x00	; 0
   0038 00                  101 	.db #0x00	; 0
   0039 00                  102 	.db #0x00	; 0
   003A 00                  103 	.db #0x00	; 0
   003B 00                  104 	.db #0x00	; 0
   003C 00                  105 	.db #0x00	; 0
   003D 00                  106 	.db #0x00	; 0
   003E 00                  107 	.db #0x00	; 0
   003F 00                  108 	.db #0x00	; 0
   0040 00                  109 	.db #0x00	; 0
   0041 00                  110 	.db #0x00	; 0
   0042 00                  111 	.db #0x00	; 0
   0043 00                  112 	.db #0x00	; 0
   0044 00                  113 	.db #0x00	; 0
   0045 00                  114 	.db #0x00	; 0
   0046 00                  115 	.db #0x00	; 0
   0047 00                  116 	.db #0x00	; 0
   0048 00                  117 	.db #0x00	; 0
   0049 00                  118 	.db #0x00	; 0
   004A 00                  119 	.db #0x00	; 0
   004B 00                  120 	.db #0x00	; 0
   004C 00                  121 	.db #0x00	; 0
   004D 00                  122 	.db #0x00	; 0
   004E 00                  123 	.db #0x00	; 0
   004F 00                  124 	.db #0x00	; 0
   0050 00                  125 	.db #0x00	; 0
   0051 00                  126 	.db #0x00	; 0
   0052 00                  127 	.db #0x00	; 0
   0053 00                  128 	.db #0x00	; 0
   0054 00                  129 	.db #0x00	; 0
   0055 00                  130 	.db #0x00	; 0
   0056 00                  131 	.db #0x00	; 0
   0057 00                  132 	.db #0x00	; 0
   0058 00                  133 	.db #0x00	; 0
   0059 00                  134 	.db #0x00	; 0
   005A FF                  135 	.db #0xff	; 255
   005B FF                  136 	.db #0xff	; 255
   005C 80                  137 	.db #0x80	; 128
   005D 00                  138 	.db #0x00	; 0
   005E 00                  139 	.db #0x00	; 0
   005F D5                  140 	.db #0xd5	; 213
   0060 AA                  141 	.db #0xaa	; 170
   0061 00                  142 	.db #0x00	; 0
   0062 00                  143 	.db #0x00	; 0
   0063 00                  144 	.db #0x00	; 0
   0064 00                  145 	.db #0x00	; 0
   0065 00                  146 	.db #0x00	; 0
   0066 00                  147 	.db #0x00	; 0
   0067 00                  148 	.db #0x00	; 0
   0068 00                  149 	.db #0x00	; 0
   0069 00                  150 	.db #0x00	; 0
   006A 00                  151 	.db #0x00	; 0
   006B 00                  152 	.db #0x00	; 0
   006C 00                  153 	.db #0x00	; 0
   006D 00                  154 	.db #0x00	; 0
   006E 00                  155 	.db #0x00	; 0
   006F 00                  156 	.db #0x00	; 0
   0070 00                  157 	.db #0x00	; 0
   0071 00                  158 	.db #0x00	; 0
   0072 00                  159 	.db #0x00	; 0
   0073 00                  160 	.db #0x00	; 0
   0074 00                  161 	.db #0x00	; 0
   0075 00                  162 	.db #0x00	; 0
   0076 00                  163 	.db #0x00	; 0
   0077 00                  164 	.db #0x00	; 0
   0078 00                  165 	.db #0x00	; 0
   0079 00                  166 	.db #0x00	; 0
   007A 00                  167 	.db #0x00	; 0
   007B 00                  168 	.db #0x00	; 0
   007C 00                  169 	.db #0x00	; 0
   007D 00                  170 	.db #0x00	; 0
   007E 00                  171 	.db #0x00	; 0
   007F 00                  172 	.db #0x00	; 0
   0080 00                  173 	.db #0x00	; 0
   0081 00                  174 	.db #0x00	; 0
   0082 00                  175 	.db #0x00	; 0
   0083 00                  176 	.db #0x00	; 0
   0084 00                  177 	.db #0x00	; 0
   0085 00                  178 	.db #0x00	; 0
   0086 FF                  179 	.db #0xff	; 255
   0087 AA                  180 	.db #0xaa	; 170
   0088 00                  181 	.db #0x00	; 0
   0089 00                  182 	.db #0x00	; 0
   008A 00                  183 	.db #0x00	; 0
   008B 55                  184 	.db #0x55	; 85	'U'
   008C FF                  185 	.db #0xff	; 255
   008D 00                  186 	.db #0x00	; 0
   008E 00                  187 	.db #0x00	; 0
   008F 00                  188 	.db #0x00	; 0
   0090 00                  189 	.db #0x00	; 0
   0091 00                  190 	.db #0x00	; 0
   0092 00                  191 	.db #0x00	; 0
   0093 00                  192 	.db #0x00	; 0
   0094 00                  193 	.db #0x00	; 0
   0095 00                  194 	.db #0x00	; 0
   0096 00                  195 	.db #0x00	; 0
   0097 00                  196 	.db #0x00	; 0
   0098 00                  197 	.db #0x00	; 0
   0099 00                  198 	.db #0x00	; 0
   009A 00                  199 	.db #0x00	; 0
   009B 00                  200 	.db #0x00	; 0
   009C 00                  201 	.db #0x00	; 0
   009D 00                  202 	.db #0x00	; 0
   009E 00                  203 	.db #0x00	; 0
   009F 00                  204 	.db #0x00	; 0
   00A0 00                  205 	.db #0x00	; 0
   00A1 00                  206 	.db #0x00	; 0
   00A2 00                  207 	.db #0x00	; 0
   00A3 00                  208 	.db #0x00	; 0
   00A4 00                  209 	.db #0x00	; 0
   00A5 00                  210 	.db #0x00	; 0
   00A6 00                  211 	.db #0x00	; 0
   00A7 00                  212 	.db #0x00	; 0
   00A8 00                  213 	.db #0x00	; 0
   00A9 00                  214 	.db #0x00	; 0
   00AA 00                  215 	.db #0x00	; 0
   00AB 00                  216 	.db #0x00	; 0
   00AC 00                  217 	.db #0x00	; 0
   00AD 00                  218 	.db #0x00	; 0
   00AE 00                  219 	.db #0x00	; 0
   00AF 00                  220 	.db #0x00	; 0
   00B0 00                  221 	.db #0x00	; 0
   00B1 00                  222 	.db #0x00	; 0
   00B2 00                  223 	.db #0x00	; 0
   00B3 55                  224 	.db #0x55	; 85	'U'
   00B4 FF                  225 	.db #0xff	; 255
   00B5 00                  226 	.db #0x00	; 0
   00B6 00                  227 	.db #0x00	; 0
   00B7 55                  228 	.db #0x55	; 85	'U'
   00B8 FF                  229 	.db #0xff	; 255
   00B9 00                  230 	.db #0x00	; 0
   00BA 00                  231 	.db #0x00	; 0
   00BB 00                  232 	.db #0x00	; 0
   00BC 00                  233 	.db #0x00	; 0
   00BD 00                  234 	.db #0x00	; 0
   00BE 00                  235 	.db #0x00	; 0
   00BF 00                  236 	.db #0x00	; 0
   00C0 00                  237 	.db #0x00	; 0
   00C1 00                  238 	.db #0x00	; 0
   00C2 00                  239 	.db #0x00	; 0
   00C3 00                  240 	.db #0x00	; 0
   00C4 00                  241 	.db #0x00	; 0
   00C5 00                  242 	.db #0x00	; 0
   00C6 00                  243 	.db #0x00	; 0
   00C7 00                  244 	.db #0x00	; 0
   00C8 00                  245 	.db #0x00	; 0
   00C9 00                  246 	.db #0x00	; 0
   00CA 00                  247 	.db #0x00	; 0
   00CB 00                  248 	.db #0x00	; 0
   00CC 00                  249 	.db #0x00	; 0
   00CD 00                  250 	.db #0x00	; 0
   00CE 00                  251 	.db #0x00	; 0
   00CF 00                  252 	.db #0x00	; 0
   00D0 00                  253 	.db #0x00	; 0
   00D1 00                  254 	.db #0x00	; 0
   00D2 00                  255 	.db #0x00	; 0
   00D3 00                  256 	.db #0x00	; 0
   00D4 00                  257 	.db #0x00	; 0
   00D5 00                  258 	.db #0x00	; 0
   00D6 00                  259 	.db #0x00	; 0
   00D7 00                  260 	.db #0x00	; 0
   00D8 00                  261 	.db #0x00	; 0
   00D9 00                  262 	.db #0x00	; 0
   00DA 00                  263 	.db #0x00	; 0
   00DB 00                  264 	.db #0x00	; 0
   00DC 00                  265 	.db #0x00	; 0
   00DD 00                  266 	.db #0x00	; 0
   00DE 00                  267 	.db #0x00	; 0
   00DF 55                  268 	.db #0x55	; 85	'U'
   00E0 FF                  269 	.db #0xff	; 255
   00E1 00                  270 	.db #0x00	; 0
   00E2 00                  271 	.db #0x00	; 0
   00E3 55                  272 	.db #0x55	; 85	'U'
   00E4 FF                  273 	.db #0xff	; 255
   00E5 00                  274 	.db #0x00	; 0
   00E6 00                  275 	.db #0x00	; 0
   00E7 00                  276 	.db #0x00	; 0
   00E8 00                  277 	.db #0x00	; 0
   00E9 00                  278 	.db #0x00	; 0
   00EA 00                  279 	.db #0x00	; 0
   00EB 00                  280 	.db #0x00	; 0
   00EC 00                  281 	.db #0x00	; 0
   00ED 00                  282 	.db #0x00	; 0
   00EE 00                  283 	.db #0x00	; 0
   00EF 00                  284 	.db #0x00	; 0
   00F0 00                  285 	.db #0x00	; 0
   00F1 00                  286 	.db #0x00	; 0
   00F2 00                  287 	.db #0x00	; 0
   00F3 00                  288 	.db #0x00	; 0
   00F4 00                  289 	.db #0x00	; 0
   00F5 00                  290 	.db #0x00	; 0
   00F6 00                  291 	.db #0x00	; 0
   00F7 00                  292 	.db #0x00	; 0
   00F8 00                  293 	.db #0x00	; 0
   00F9 00                  294 	.db #0x00	; 0
   00FA 00                  295 	.db #0x00	; 0
   00FB 00                  296 	.db #0x00	; 0
   00FC 00                  297 	.db #0x00	; 0
   00FD 00                  298 	.db #0x00	; 0
   00FE 00                  299 	.db #0x00	; 0
   00FF 00                  300 	.db #0x00	; 0
   0100 00                  301 	.db #0x00	; 0
   0101 00                  302 	.db #0x00	; 0
   0102 00                  303 	.db #0x00	; 0
   0103 00                  304 	.db #0x00	; 0
   0104 00                  305 	.db #0x00	; 0
   0105 00                  306 	.db #0x00	; 0
   0106 00                  307 	.db #0x00	; 0
   0107 00                  308 	.db #0x00	; 0
   0108 00                  309 	.db #0x00	; 0
   0109 00                  310 	.db #0x00	; 0
   010A 00                  311 	.db #0x00	; 0
   010B FF                  312 	.db #0xff	; 255
   010C EA                  313 	.db #0xea	; 234
   010D 00                  314 	.db #0x00	; 0
   010E 00                  315 	.db #0x00	; 0
   010F D5                  316 	.db #0xd5	; 213
   0110 FF                  317 	.db #0xff	; 255
   0111 00                  318 	.db #0x00	; 0
   0112 00                  319 	.db #0x00	; 0
   0113 00                  320 	.db #0x00	; 0
   0114 00                  321 	.db #0x00	; 0
   0115 00                  322 	.db #0x00	; 0
   0116 00                  323 	.db #0x00	; 0
   0117 00                  324 	.db #0x00	; 0
   0118 00                  325 	.db #0x00	; 0
   0119 00                  326 	.db #0x00	; 0
   011A 00                  327 	.db #0x00	; 0
   011B 00                  328 	.db #0x00	; 0
   011C 00                  329 	.db #0x00	; 0
   011D 00                  330 	.db #0x00	; 0
   011E 00                  331 	.db #0x00	; 0
   011F 00                  332 	.db #0x00	; 0
   0120 00                  333 	.db #0x00	; 0
   0121 00                  334 	.db #0x00	; 0
   0122 00                  335 	.db #0x00	; 0
   0123 00                  336 	.db #0x00	; 0
   0124 00                  337 	.db #0x00	; 0
   0125 00                  338 	.db #0x00	; 0
   0126 00                  339 	.db #0x00	; 0
   0127 00                  340 	.db #0x00	; 0
   0128 00                  341 	.db #0x00	; 0
   0129 00                  342 	.db #0x00	; 0
   012A 00                  343 	.db #0x00	; 0
   012B 00                  344 	.db #0x00	; 0
   012C 00                  345 	.db #0x00	; 0
   012D 00                  346 	.db #0x00	; 0
   012E 00                  347 	.db #0x00	; 0
   012F 00                  348 	.db #0x00	; 0
   0130 00                  349 	.db #0x00	; 0
   0131 00                  350 	.db #0x00	; 0
   0132 00                  351 	.db #0x00	; 0
   0133 00                  352 	.db #0x00	; 0
   0134 00                  353 	.db #0x00	; 0
   0135 00                  354 	.db #0x00	; 0
   0136 00                  355 	.db #0x00	; 0
   0137 FF                  356 	.db #0xff	; 255
   0138 AA                  357 	.db #0xaa	; 170
   0139 00                  358 	.db #0x00	; 0
   013A 00                  359 	.db #0x00	; 0
   013B FF                  360 	.db #0xff	; 255
   013C AA                  361 	.db #0xaa	; 170
   013D 55                  362 	.db #0x55	; 85	'U'
   013E FF                  363 	.db #0xff	; 255
   013F AA                  364 	.db #0xaa	; 170
   0140 00                  365 	.db #0x00	; 0
   0141 00                  366 	.db #0x00	; 0
   0142 FF                  367 	.db #0xff	; 255
   0143 AA                  368 	.db #0xaa	; 170
   0144 00                  369 	.db #0x00	; 0
   0145 FF                  370 	.db #0xff	; 255
   0146 AA                  371 	.db #0xaa	; 170
   0147 40                  372 	.db #0x40	; 64
   0148 FF                  373 	.db #0xff	; 255
   0149 AA                  374 	.db #0xaa	; 170
   014A D5                  375 	.db #0xd5	; 213
   014B FF                  376 	.db #0xff	; 255
   014C 00                  377 	.db #0x00	; 0
   014D D5                  378 	.db #0xd5	; 213
   014E FF                  379 	.db #0xff	; 255
   014F 40                  380 	.db #0x40	; 64
   0150 FF                  381 	.db #0xff	; 255
   0151 AA                  382 	.db #0xaa	; 170
   0152 40                  383 	.db #0x40	; 64
   0153 FF                  384 	.db #0xff	; 255
   0154 AA                  385 	.db #0xaa	; 170
   0155 D5                  386 	.db #0xd5	; 213
   0156 FF                  387 	.db #0xff	; 255
   0157 00                  388 	.db #0x00	; 0
   0158 D5                  389 	.db #0xd5	; 213
   0159 FF                  390 	.db #0xff	; 255
   015A 40                  391 	.db #0x40	; 64
   015B FF                  392 	.db #0xff	; 255
   015C AA                  393 	.db #0xaa	; 170
   015D 40                  394 	.db #0x40	; 64
   015E FF                  395 	.db #0xff	; 255
   015F AA                  396 	.db #0xaa	; 170
   0160 00                  397 	.db #0x00	; 0
   0161 00                  398 	.db #0x00	; 0
   0162 40                  399 	.db #0x40	; 64
   0163 FF                  400 	.db #0xff	; 255
   0164 AA                  401 	.db #0xaa	; 170
   0165 00                  402 	.db #0x00	; 0
   0166 55                  403 	.db #0x55	; 85	'U'
   0167 FF                  404 	.db #0xff	; 255
   0168 AA                  405 	.db #0xaa	; 170
   0169 00                  406 	.db #0x00	; 0
   016A FF                  407 	.db #0xff	; 255
   016B AA                  408 	.db #0xaa	; 170
   016C 00                  409 	.db #0x00	; 0
   016D 55                  410 	.db #0x55	; 85	'U'
   016E FF                  411 	.db #0xff	; 255
   016F 80                  412 	.db #0x80	; 128
   0170 00                  413 	.db #0x00	; 0
   0171 FF                  414 	.db #0xff	; 255
   0172 AA                  415 	.db #0xaa	; 170
   0173 55                  416 	.db #0x55	; 85	'U'
   0174 FF                  417 	.db #0xff	; 255
   0175 AA                  418 	.db #0xaa	; 170
   0176 55                  419 	.db #0x55	; 85	'U'
   0177 FF                  420 	.db #0xff	; 255
   0178 00                  421 	.db #0x00	; 0
   0179 FF                  422 	.db #0xff	; 255
   017A FF                  423 	.db #0xff	; 255
   017B 00                  424 	.db #0x00	; 0
   017C FF                  425 	.db #0xff	; 255
   017D AA                  426 	.db #0xaa	; 170
   017E 55                  427 	.db #0x55	; 85	'U'
   017F FF                  428 	.db #0xff	; 255
   0180 AA                  429 	.db #0xaa	; 170
   0181 55                  430 	.db #0x55	; 85	'U'
   0182 FF                  431 	.db #0xff	; 255
   0183 40                  432 	.db #0x40	; 64
   0184 FF                  433 	.db #0xff	; 255
   0185 FF                  434 	.db #0xff	; 255
   0186 00                  435 	.db #0x00	; 0
   0187 FF                  436 	.db #0xff	; 255
   0188 AA                  437 	.db #0xaa	; 170
   0189 D5                  438 	.db #0xd5	; 213
   018A FF                  439 	.db #0xff	; 255
   018B AA                  440 	.db #0xaa	; 170
   018C 00                  441 	.db #0x00	; 0
   018D 00                  442 	.db #0x00	; 0
   018E 55                  443 	.db #0x55	; 85	'U'
   018F FF                  444 	.db #0xff	; 255
   0190 00                  445 	.db #0x00	; 0
   0191 00                  446 	.db #0x00	; 0
   0192 FF                  447 	.db #0xff	; 255
   0193 FF                  448 	.db #0xff	; 255
   0194 00                  449 	.db #0x00	; 0
   0195 00                  450 	.db #0x00	; 0
   0196 FF                  451 	.db #0xff	; 255
   0197 AA                  452 	.db #0xaa	; 170
   0198 00                  453 	.db #0x00	; 0
   0199 55                  454 	.db #0x55	; 85	'U'
   019A FF                  455 	.db #0xff	; 255
   019B 00                  456 	.db #0x00	; 0
   019C 00                  457 	.db #0x00	; 0
   019D FF                  458 	.db #0xff	; 255
   019E AA                  459 	.db #0xaa	; 170
   019F FF                  460 	.db #0xff	; 255
   01A0 FF                  461 	.db #0xff	; 255
   01A1 AA                  462 	.db #0xaa	; 170
   01A2 55                  463 	.db #0x55	; 85	'U'
   01A3 FF                  464 	.db #0xff	; 255
   01A4 55                  465 	.db #0x55	; 85	'U'
   01A5 FF                  466 	.db #0xff	; 255
   01A6 FF                  467 	.db #0xff	; 255
   01A7 00                  468 	.db #0x00	; 0
   01A8 FF                  469 	.db #0xff	; 255
   01A9 AA                  470 	.db #0xaa	; 170
   01AA FF                  471 	.db #0xff	; 255
   01AB FF                  472 	.db #0xff	; 255
   01AC AA                  473 	.db #0xaa	; 170
   01AD 55                  474 	.db #0x55	; 85	'U'
   01AE FF                  475 	.db #0xff	; 255
   01AF 55                  476 	.db #0x55	; 85	'U'
   01B0 FF                  477 	.db #0xff	; 255
   01B1 FF                  478 	.db #0xff	; 255
   01B2 00                  479 	.db #0x00	; 0
   01B3 FF                  480 	.db #0xff	; 255
   01B4 AA                  481 	.db #0xaa	; 170
   01B5 FF                  482 	.db #0xff	; 255
   01B6 FF                  483 	.db #0xff	; 255
   01B7 AA                  484 	.db #0xaa	; 170
   01B8 00                  485 	.db #0x00	; 0
   01B9 00                  486 	.db #0x00	; 0
   01BA 55                  487 	.db #0x55	; 85	'U'
   01BB FF                  488 	.db #0xff	; 255
   01BC 40                  489 	.db #0x40	; 64
   01BD FF                  490 	.db #0xff	; 255
   01BE FF                  491 	.db #0xff	; 255
   01BF 80                  492 	.db #0x80	; 128
   01C0 00                  493 	.db #0x00	; 0
   01C1 55                  494 	.db #0x55	; 85	'U'
   01C2 FF                  495 	.db #0xff	; 255
   01C3 80                  496 	.db #0x80	; 128
   01C4 00                  497 	.db #0x00	; 0
   01C5 FF                  498 	.db #0xff	; 255
   01C6 EA                  499 	.db #0xea	; 234
   01C7 00                  500 	.db #0x00	; 0
   01C8 00                  501 	.db #0x00	; 0
   01C9 FF                  502 	.db #0xff	; 255
   01CA FF                  503 	.db #0xff	; 255
   01CB AA                  504 	.db #0xaa	; 170
   01CC 00                  505 	.db #0x00	; 0
   01CD 00                  506 	.db #0x00	; 0
   01CE 55                  507 	.db #0x55	; 85	'U'
   01CF FF                  508 	.db #0xff	; 255
   01D0 FF                  509 	.db #0xff	; 255
   01D1 00                  510 	.db #0x00	; 0
   01D2 00                  511 	.db #0x00	; 0
   01D3 00                  512 	.db #0x00	; 0
   01D4 FF                  513 	.db #0xff	; 255
   01D5 FF                  514 	.db #0xff	; 255
   01D6 AA                  515 	.db #0xaa	; 170
   01D7 00                  516 	.db #0x00	; 0
   01D8 00                  517 	.db #0x00	; 0
   01D9 55                  518 	.db #0x55	; 85	'U'
   01DA FF                  519 	.db #0xff	; 255
   01DB FF                  520 	.db #0xff	; 255
   01DC 00                  521 	.db #0x00	; 0
   01DD 00                  522 	.db #0x00	; 0
   01DE 00                  523 	.db #0x00	; 0
   01DF FF                  524 	.db #0xff	; 255
   01E0 FF                  525 	.db #0xff	; 255
   01E1 AA                  526 	.db #0xaa	; 170
   01E2 00                  527 	.db #0x00	; 0
   01E3 00                  528 	.db #0x00	; 0
   01E4 00                  529 	.db #0x00	; 0
   01E5 00                  530 	.db #0x00	; 0
   01E6 D5                  531 	.db #0xd5	; 213
   01E7 FF                  532 	.db #0xff	; 255
   01E8 FF                  533 	.db #0xff	; 255
   01E9 FF                  534 	.db #0xff	; 255
   01EA AA                  535 	.db #0xaa	; 170
   01EB 00                  536 	.db #0x00	; 0
   01EC 00                  537 	.db #0x00	; 0
   01ED 55                  538 	.db #0x55	; 85	'U'
   01EE FF                  539 	.db #0xff	; 255
   01EF 00                  540 	.db #0x00	; 0
   01F0 00                  541 	.db #0x00	; 0
   01F1 FF                  542 	.db #0xff	; 255
   01F2 AA                  543 	.db #0xaa	; 170
   01F3 00                  544 	.db #0x00	; 0
   01F4 00                  545 	.db #0x00	; 0
   01F5 FF                  546 	.db #0xff	; 255
   01F6 D5                  547 	.db #0xd5	; 213
   01F7 00                  548 	.db #0x00	; 0
   01F8 00                  549 	.db #0x00	; 0
   01F9 00                  550 	.db #0x00	; 0
   01FA 55                  551 	.db #0x55	; 85	'U'
   01FB EA                  552 	.db #0xea	; 234
   01FC AA                  553 	.db #0xaa	; 170
   01FD 00                  554 	.db #0x00	; 0
   01FE 00                  555 	.db #0x00	; 0
   01FF 00                  556 	.db #0x00	; 0
   0200 FF                  557 	.db #0xff	; 255
   0201 D5                  558 	.db #0xd5	; 213
   0202 00                  559 	.db #0x00	; 0
   0203 00                  560 	.db #0x00	; 0
   0204 00                  561 	.db #0x00	; 0
   0205 55                  562 	.db #0x55	; 85	'U'
   0206 EA                  563 	.db #0xea	; 234
   0207 AA                  564 	.db #0xaa	; 170
   0208 00                  565 	.db #0x00	; 0
   0209 00                  566 	.db #0x00	; 0
   020A 00                  567 	.db #0x00	; 0
   020B FF                  568 	.db #0xff	; 255
   020C 55                  569 	.db #0x55	; 85	'U'
   020D 00                  570 	.db #0x00	; 0
   020E 00                  571 	.db #0x00	; 0
   020F 00                  572 	.db #0x00	; 0
   0210 00                  573 	.db #0x00	; 0
   0211 00                  574 	.db #0x00	; 0
   0212 FF                  575 	.db #0xff	; 255
   0213 FF                  576 	.db #0xff	; 255
   0214 EA                  577 	.db #0xea	; 234
   0215 00                  578 	.db #0x00	; 0
   0216 00                  579 	.db #0x00	; 0
   0217 00                  580 	.db #0x00	; 0
   0218 00                  581 	.db #0x00	; 0
   0219 D5                  582 	.db #0xd5	; 213
   021A FF                  583 	.db #0xff	; 255
   021B 00                  584 	.db #0x00	; 0
   021C 55                  585 	.db #0x55	; 85	'U'
   021D FF                  586 	.db #0xff	; 255
   021E AA                  587 	.db #0xaa	; 170
   021F 00                  588 	.db #0x00	; 0
   0220 00                  589 	.db #0x00	; 0
   0221 FF                  590 	.db #0xff	; 255
   0222 EA                  591 	.db #0xea	; 234
   0223 00                  592 	.db #0x00	; 0
   0224 00                  593 	.db #0x00	; 0
   0225 00                  594 	.db #0x00	; 0
   0226 55                  595 	.db #0x55	; 85	'U'
   0227 FF                  596 	.db #0xff	; 255
   0228 80                  597 	.db #0x80	; 128
   0229 00                  598 	.db #0x00	; 0
   022A 00                  599 	.db #0x00	; 0
   022B 00                  600 	.db #0x00	; 0
   022C FF                  601 	.db #0xff	; 255
   022D EA                  602 	.db #0xea	; 234
   022E 00                  603 	.db #0x00	; 0
   022F 00                  604 	.db #0x00	; 0
   0230 00                  605 	.db #0x00	; 0
   0231 D5                  606 	.db #0xd5	; 213
   0232 FF                  607 	.db #0xff	; 255
   0233 00                  608 	.db #0x00	; 0
   0234 00                  609 	.db #0x00	; 0
   0235 00                  610 	.db #0x00	; 0
   0236 40                  611 	.db #0x40	; 64
   0237 FF                  612 	.db #0xff	; 255
   0238 AA                  613 	.db #0xaa	; 170
   0239 00                  614 	.db #0x00	; 0
   023A 00                  615 	.db #0x00	; 0
   023B 00                  616 	.db #0x00	; 0
   023C 00                  617 	.db #0x00	; 0
   023D 00                  618 	.db #0x00	; 0
   023E FF                  619 	.db #0xff	; 255
   023F AA                  620 	.db #0xaa	; 170
   0240 00                  621 	.db #0x00	; 0
   0241 00                  622 	.db #0x00	; 0
   0242 00                  623 	.db #0x00	; 0
   0243 00                  624 	.db #0x00	; 0
   0244 00                  625 	.db #0x00	; 0
   0245 FF                  626 	.db #0xff	; 255
   0246 AA                  627 	.db #0xaa	; 170
   0247 00                  628 	.db #0x00	; 0
   0248 D5                  629 	.db #0xd5	; 213
   0249 FF                  630 	.db #0xff	; 255
   024A 00                  631 	.db #0x00	; 0
   024B 00                  632 	.db #0x00	; 0
   024C 55                  633 	.db #0x55	; 85	'U'
   024D FF                  634 	.db #0xff	; 255
   024E AA                  635 	.db #0xaa	; 170
   024F 00                  636 	.db #0x00	; 0
   0250 00                  637 	.db #0x00	; 0
   0251 00                  638 	.db #0x00	; 0
   0252 FF                  639 	.db #0xff	; 255
   0253 FF                  640 	.db #0xff	; 255
   0254 00                  641 	.db #0x00	; 0
   0255 00                  642 	.db #0x00	; 0
   0256 00                  643 	.db #0x00	; 0
   0257 55                  644 	.db #0x55	; 85	'U'
   0258 FF                  645 	.db #0xff	; 255
   0259 AA                  646 	.db #0xaa	; 170
   025A 00                  647 	.db #0x00	; 0
   025B 00                  648 	.db #0x00	; 0
   025C 00                  649 	.db #0x00	; 0
   025D FF                  650 	.db #0xff	; 255
   025E FF                  651 	.db #0xff	; 255
   025F 00                  652 	.db #0x00	; 0
   0260 00                  653 	.db #0x00	; 0
   0261 00                  654 	.db #0x00	; 0
   0262 55                  655 	.db #0x55	; 85	'U'
   0263 FF                  656 	.db #0xff	; 255
   0264 AA                  657 	.db #0xaa	; 170
   0265 00                  658 	.db #0x00	; 0
   0266 00                  659 	.db #0x00	; 0
   0267 00                  660 	.db #0x00	; 0
   0268 00                  661 	.db #0x00	; 0
   0269 55                  662 	.db #0x55	; 85	'U'
   026A FF                  663 	.db #0xff	; 255
   026B 80                  664 	.db #0x80	; 128
   026C 00                  665 	.db #0x00	; 0
   026D 00                  666 	.db #0x00	; 0
   026E 00                  667 	.db #0x00	; 0
   026F 00                  668 	.db #0x00	; 0
   0270 00                  669 	.db #0x00	; 0
   0271 FF                  670 	.db #0xff	; 255
   0272 AA                  671 	.db #0xaa	; 170
   0273 00                  672 	.db #0x00	; 0
   0274 EA                  673 	.db #0xea	; 234
   0275 FF                  674 	.db #0xff	; 255
   0276 00                  675 	.db #0x00	; 0
   0277 00                  676 	.db #0x00	; 0
   0278 55                  677 	.db #0x55	; 85	'U'
   0279 FF                  678 	.db #0xff	; 255
   027A 00                  679 	.db #0x00	; 0
   027B 00                  680 	.db #0x00	; 0
   027C 00                  681 	.db #0x00	; 0
   027D 00                  682 	.db #0x00	; 0
   027E FF                  683 	.db #0xff	; 255
   027F AA                  684 	.db #0xaa	; 170
   0280 00                  685 	.db #0x00	; 0
   0281 00                  686 	.db #0x00	; 0
   0282 00                  687 	.db #0x00	; 0
   0283 55                  688 	.db #0x55	; 85	'U'
   0284 FF                  689 	.db #0xff	; 255
   0285 00                  690 	.db #0x00	; 0
   0286 00                  691 	.db #0x00	; 0
   0287 00                  692 	.db #0x00	; 0
   0288 00                  693 	.db #0x00	; 0
   0289 FF                  694 	.db #0xff	; 255
   028A AA                  695 	.db #0xaa	; 170
   028B 00                  696 	.db #0x00	; 0
   028C 00                  697 	.db #0x00	; 0
   028D 00                  698 	.db #0x00	; 0
   028E 55                  699 	.db #0x55	; 85	'U'
   028F FF                  700 	.db #0xff	; 255
   0290 00                  701 	.db #0x00	; 0
   0291 00                  702 	.db #0x00	; 0
   0292 00                  703 	.db #0x00	; 0
   0293 00                  704 	.db #0x00	; 0
   0294 00                  705 	.db #0x00	; 0
   0295 55                  706 	.db #0x55	; 85	'U'
   0296 FF                  707 	.db #0xff	; 255
   0297 00                  708 	.db #0x00	; 0
   0298 00                  709 	.db #0x00	; 0
   0299 00                  710 	.db #0x00	; 0
   029A 00                  711 	.db #0x00	; 0
   029B 00                  712 	.db #0x00	; 0
   029C 55                  713 	.db #0x55	; 85	'U'
   029D FF                  714 	.db #0xff	; 255
   029E 00                  715 	.db #0x00	; 0
   029F 55                  716 	.db #0x55	; 85	'U'
   02A0 FF                  717 	.db #0xff	; 255
   02A1 EA                  718 	.db #0xea	; 234
   02A2 00                  719 	.db #0x00	; 0
   02A3 00                  720 	.db #0x00	; 0
   02A4 55                  721 	.db #0x55	; 85	'U'
   02A5 FF                  722 	.db #0xff	; 255
   02A6 00                  723 	.db #0x00	; 0
   02A7 00                  724 	.db #0x00	; 0
   02A8 00                  725 	.db #0x00	; 0
   02A9 40                  726 	.db #0x40	; 64
   02AA FF                  727 	.db #0xff	; 255
   02AB AA                  728 	.db #0xaa	; 170
   02AC 00                  729 	.db #0x00	; 0
   02AD 00                  730 	.db #0x00	; 0
   02AE 00                  731 	.db #0x00	; 0
   02AF D5                  732 	.db #0xd5	; 213
   02B0 FF                  733 	.db #0xff	; 255
   02B1 00                  734 	.db #0x00	; 0
   02B2 00                  735 	.db #0x00	; 0
   02B3 00                  736 	.db #0x00	; 0
   02B4 55                  737 	.db #0x55	; 85	'U'
   02B5 FF                  738 	.db #0xff	; 255
   02B6 AA                  739 	.db #0xaa	; 170
   02B7 00                  740 	.db #0x00	; 0
   02B8 00                  741 	.db #0x00	; 0
   02B9 00                  742 	.db #0x00	; 0
   02BA FF                  743 	.db #0xff	; 255
   02BB FF                  744 	.db #0xff	; 255
   02BC 00                  745 	.db #0x00	; 0
   02BD 00                  746 	.db #0x00	; 0
   02BE 00                  747 	.db #0x00	; 0
   02BF 00                  748 	.db #0x00	; 0
   02C0 00                  749 	.db #0x00	; 0
   02C1 FF                  750 	.db #0xff	; 255
   02C2 AA                  751 	.db #0xaa	; 170
   02C3 00                  752 	.db #0x00	; 0
   02C4 00                  753 	.db #0x00	; 0
   02C5 00                  754 	.db #0x00	; 0
   02C6 00                  755 	.db #0x00	; 0
   02C7 00                  756 	.db #0x00	; 0
   02C8 55                  757 	.db #0x55	; 85	'U'
   02C9 FF                  758 	.db #0xff	; 255
   02CA 00                  759 	.db #0x00	; 0
   02CB FF                  760 	.db #0xff	; 255
   02CC 55                  761 	.db #0x55	; 85	'U'
   02CD AA                  762 	.db #0xaa	; 170
   02CE 00                  763 	.db #0x00	; 0
   02CF 00                  764 	.db #0x00	; 0
   02D0 FF                  765 	.db #0xff	; 255
   02D1 AA                  766 	.db #0xaa	; 170
   02D2 00                  767 	.db #0x00	; 0
   02D3 00                  768 	.db #0x00	; 0
   02D4 00                  769 	.db #0x00	; 0
   02D5 55                  770 	.db #0x55	; 85	'U'
   02D6 FF                  771 	.db #0xff	; 255
   02D7 00                  772 	.db #0x00	; 0
   02D8 00                  773 	.db #0x00	; 0
   02D9 00                  774 	.db #0x00	; 0
   02DA 00                  775 	.db #0x00	; 0
   02DB FF                  776 	.db #0xff	; 255
   02DC AA                  777 	.db #0xaa	; 170
   02DD 00                  778 	.db #0x00	; 0
   02DE 00                  779 	.db #0x00	; 0
   02DF 00                  780 	.db #0x00	; 0
   02E0 55                  781 	.db #0x55	; 85	'U'
   02E1 FF                  782 	.db #0xff	; 255
   02E2 00                  783 	.db #0x00	; 0
   02E3 00                  784 	.db #0x00	; 0
   02E4 00                  785 	.db #0x00	; 0
   02E5 00                  786 	.db #0x00	; 0
   02E6 FF                  787 	.db #0xff	; 255
   02E7 AA                  788 	.db #0xaa	; 170
   02E8 00                  789 	.db #0x00	; 0
   02E9 00                  790 	.db #0x00	; 0
   02EA 00                  791 	.db #0x00	; 0
   02EB 00                  792 	.db #0x00	; 0
   02EC 00                  793 	.db #0x00	; 0
   02ED FF                  794 	.db #0xff	; 255
   02EE AA                  795 	.db #0xaa	; 170
   02EF 00                  796 	.db #0x00	; 0
   02F0 00                  797 	.db #0x00	; 0
   02F1 00                  798 	.db #0x00	; 0
   02F2 00                  799 	.db #0x00	; 0
   02F3 00                  800 	.db #0x00	; 0
   02F4 55                  801 	.db #0x55	; 85	'U'
   02F5 FF                  802 	.db #0xff	; 255
   02F6 55                  803 	.db #0x55	; 85	'U'
   02F7 AA                  804 	.db #0xaa	; 170
   02F8 55                  805 	.db #0x55	; 85	'U'
   02F9 EA                  806 	.db #0xea	; 234
   02FA 40                  807 	.db #0x40	; 64
   02FB 00                  808 	.db #0x00	; 0
   02FC FF                  809 	.db #0xff	; 255
   02FD AA                  810 	.db #0xaa	; 170
   02FE 00                  811 	.db #0x00	; 0
   02FF 00                  812 	.db #0x00	; 0
   0300 00                  813 	.db #0x00	; 0
   0301 55                  814 	.db #0x55	; 85	'U'
   0302 FF                  815 	.db #0xff	; 255
   0303 00                  816 	.db #0x00	; 0
   0304 00                  817 	.db #0x00	; 0
   0305 00                  818 	.db #0x00	; 0
   0306 00                  819 	.db #0x00	; 0
   0307 FF                  820 	.db #0xff	; 255
   0308 AA                  821 	.db #0xaa	; 170
   0309 00                  822 	.db #0x00	; 0
   030A 00                  823 	.db #0x00	; 0
   030B 00                  824 	.db #0x00	; 0
   030C 55                  825 	.db #0x55	; 85	'U'
   030D FF                  826 	.db #0xff	; 255
   030E 00                  827 	.db #0x00	; 0
   030F 00                  828 	.db #0x00	; 0
   0310 00                  829 	.db #0x00	; 0
   0311 40                  830 	.db #0x40	; 64
   0312 FF                  831 	.db #0xff	; 255
   0313 AA                  832 	.db #0xaa	; 170
   0314 00                  833 	.db #0x00	; 0
   0315 00                  834 	.db #0x00	; 0
   0316 00                  835 	.db #0x00	; 0
   0317 00                  836 	.db #0x00	; 0
   0318 55                  837 	.db #0x55	; 85	'U'
   0319 FF                  838 	.db #0xff	; 255
   031A 00                  839 	.db #0x00	; 0
   031B 00                  840 	.db #0x00	; 0
   031C 00                  841 	.db #0x00	; 0
   031D 00                  842 	.db #0x00	; 0
   031E 00                  843 	.db #0x00	; 0
   031F 00                  844 	.db #0x00	; 0
   0320 55                  845 	.db #0x55	; 85	'U'
   0321 FF                  846 	.db #0xff	; 255
   0322 FF                  847 	.db #0xff	; 255
   0323 00                  848 	.db #0x00	; 0
   0324 55                  849 	.db #0x55	; 85	'U'
   0325 FF                  850 	.db #0xff	; 255
   0326 EA                  851 	.db #0xea	; 234
   0327 55                  852 	.db #0x55	; 85	'U'
   0328 FF                  853 	.db #0xff	; 255
   0329 80                  854 	.db #0x80	; 128
   032A 00                  855 	.db #0x00	; 0
   032B 00                  856 	.db #0x00	; 0
   032C 00                  857 	.db #0x00	; 0
   032D FF                  858 	.db #0xff	; 255
   032E EA                  859 	.db #0xea	; 234
   032F 00                  860 	.db #0x00	; 0
   0330 00                  861 	.db #0x00	; 0
   0331 00                  862 	.db #0x00	; 0
   0332 55                  863 	.db #0x55	; 85	'U'
   0333 FF                  864 	.db #0xff	; 255
   0334 80                  865 	.db #0x80	; 128
   0335 00                  866 	.db #0x00	; 0
   0336 00                  867 	.db #0x00	; 0
   0337 00                  868 	.db #0x00	; 0
   0338 FF                  869 	.db #0xff	; 255
   0339 AA                  870 	.db #0xaa	; 170
   033A 00                  871 	.db #0x00	; 0
   033B 00                  872 	.db #0x00	; 0
   033C 00                  873 	.db #0x00	; 0
   033D 55                  874 	.db #0x55	; 85	'U'
   033E FF                  875 	.db #0xff	; 255
   033F 00                  876 	.db #0x00	; 0
   0340 00                  877 	.db #0x00	; 0
   0341 00                  878 	.db #0x00	; 0
   0342 00                  879 	.db #0x00	; 0
   0343 00                  880 	.db #0x00	; 0
   0344 FF                  881 	.db #0xff	; 255
   0345 AA                  882 	.db #0xaa	; 170
   0346 00                  883 	.db #0x00	; 0
   0347 00                  884 	.db #0x00	; 0
   0348 00                  885 	.db #0x00	; 0
   0349 00                  886 	.db #0x00	; 0
   034A 00                  887 	.db #0x00	; 0
   034B 00                  888 	.db #0x00	; 0
   034C 55                  889 	.db #0x55	; 85	'U'
   034D FF                  890 	.db #0xff	; 255
   034E AA                  891 	.db #0xaa	; 170
   034F 00                  892 	.db #0x00	; 0
   0350 55                  893 	.db #0x55	; 85	'U'
   0351 FF                  894 	.db #0xff	; 255
   0352 AA                  895 	.db #0xaa	; 170
   0353 40                  896 	.db #0x40	; 64
   0354 FF                  897 	.db #0xff	; 255
   0355 00                  898 	.db #0x00	; 0
   0356 00                  899 	.db #0x00	; 0
   0357 00                  900 	.db #0x00	; 0
   0358 00                  901 	.db #0x00	; 0
   0359 D5                  902 	.db #0xd5	; 213
   035A AA                  903 	.db #0xaa	; 170
   035B 00                  904 	.db #0x00	; 0
   035C 00                  905 	.db #0x00	; 0
   035D 00                  906 	.db #0x00	; 0
   035E 40                  907 	.db #0x40	; 64
   035F FF                  908 	.db #0xff	; 255
   0360 00                  909 	.db #0x00	; 0
   0361 00                  910 	.db #0x00	; 0
   0362 00                  911 	.db #0x00	; 0
   0363 00                  912 	.db #0x00	; 0
   0364 D5                  913 	.db #0xd5	; 213
   0365 AA                  914 	.db #0xaa	; 170
   0366 00                  915 	.db #0x00	; 0
   0367 00                  916 	.db #0x00	; 0
   0368 00                  917 	.db #0x00	; 0
   0369 40                  918 	.db #0x40	; 64
   036A FF                  919 	.db #0xff	; 255
   036B 00                  920 	.db #0x00	; 0
   036C 00                  921 	.db #0x00	; 0
   036D 00                  922 	.db #0x00	; 0
   036E 00                  923 	.db #0x00	; 0
   036F 00                  924 	.db #0x00	; 0
                            925 	.area _INITIALIZER
                            926 	.area _CABS (ABS)
