                              1 ;--------------------------------------------------------
                              2 ; File Created by SDCC : free open source ANSI-C Compiler
                              3 ; Version 3.6.8 #9946 (Linux)
                              4 ;--------------------------------------------------------
                              5 	.module basket
                              6 	.optsdcc -mz80
                              7 	
                              8 ;--------------------------------------------------------
                              9 ; Public variables in this module
                             10 ;--------------------------------------------------------
                             11 	.globl _s_basket
                             12 ;--------------------------------------------------------
                             13 ; special function registers
                             14 ;--------------------------------------------------------
                             15 ;--------------------------------------------------------
                             16 ; ram data
                             17 ;--------------------------------------------------------
                             18 	.area _DATA
                             19 ;--------------------------------------------------------
                             20 ; ram data
                             21 ;--------------------------------------------------------
                             22 	.area _INITIALIZED
                             23 ;--------------------------------------------------------
                             24 ; absolute external ram data
                             25 ;--------------------------------------------------------
                             26 	.area _DABS (ABS)
                             27 ;--------------------------------------------------------
                             28 ; global & static initialisations
                             29 ;--------------------------------------------------------
                             30 	.area _HOME
                             31 	.area _GSINIT
                             32 	.area _GSFINAL
                             33 	.area _GSINIT
                             34 ;--------------------------------------------------------
                             35 ; Home
                             36 ;--------------------------------------------------------
                             37 	.area _HOME
                             38 	.area _HOME
                             39 ;--------------------------------------------------------
                             40 ; code
                             41 ;--------------------------------------------------------
                             42 	.area _CODE
                             43 	.area _CODE
   0000                      44 _s_basket:
   0000 00                   45 	.db #0x00	; 0
   0001 00                   46 	.db #0x00	; 0
   0002 00                   47 	.db #0x00	; 0
   0003 00                   48 	.db #0x00	; 0
   0004 00                   49 	.db #0x00	; 0
   0005 00                   50 	.db #0x00	; 0
   0006 00                   51 	.db #0x00	; 0
   0007 44                   52 	.db #0x44	; 68	'D'
   0008 CC                   53 	.db #0xcc	; 204
   0009 CC                   54 	.db #0xcc	; 204
   000A CC                   55 	.db #0xcc	; 204
   000B CC                   56 	.db #0xcc	; 204
   000C 00                   57 	.db #0x00	; 0
   000D 00                   58 	.db #0x00	; 0
   000E 00                   59 	.db #0x00	; 0
   000F 00                   60 	.db #0x00	; 0
   0010 00                   61 	.db #0x00	; 0
   0011 00                   62 	.db #0x00	; 0
   0012 00                   63 	.db #0x00	; 0
   0013 00                   64 	.db #0x00	; 0
   0014 00                   65 	.db #0x00	; 0
   0015 00                   66 	.db #0x00	; 0
   0016 00                   67 	.db #0x00	; 0
   0017 44                   68 	.db #0x44	; 68	'D'
   0018 CC                   69 	.db #0xcc	; 204
   0019 CC                   70 	.db #0xcc	; 204
   001A 30                   71 	.db #0x30	; 48	'0'
   001B CC                   72 	.db #0xcc	; 204
   001C CC                   73 	.db #0xcc	; 204
   001D 30                   74 	.db #0x30	; 48	'0'
   001E CC                   75 	.db #0xcc	; 204
   001F 00                   76 	.db #0x00	; 0
   0020 00                   77 	.db #0x00	; 0
   0021 00                   78 	.db #0x00	; 0
   0022 00                   79 	.db #0x00	; 0
   0023 00                   80 	.db #0x00	; 0
   0024 00                   81 	.db #0x00	; 0
   0025 00                   82 	.db #0x00	; 0
   0026 00                   83 	.db #0x00	; 0
   0027 00                   84 	.db #0x00	; 0
   0028 44                   85 	.db #0x44	; 68	'D'
   0029 CC                   86 	.db #0xcc	; 204
   002A CC                   87 	.db #0xcc	; 204
   002B CC                   88 	.db #0xcc	; 204
   002C CC                   89 	.db #0xcc	; 204
   002D 98                   90 	.db #0x98	; 152
   002E 64                   91 	.db #0x64	; 100	'd'
   002F 98                   92 	.db #0x98	; 152
   0030 64                   93 	.db #0x64	; 100	'd'
   0031 88                   94 	.db #0x88	; 136
   0032 00                   95 	.db #0x00	; 0
   0033 00                   96 	.db #0x00	; 0
   0034 00                   97 	.db #0x00	; 0
   0035 00                   98 	.db #0x00	; 0
   0036 00                   99 	.db #0x00	; 0
   0037 00                  100 	.db #0x00	; 0
   0038 00                  101 	.db #0x00	; 0
   0039 00                  102 	.db #0x00	; 0
   003A CC                  103 	.db #0xcc	; 204
   003B 98                  104 	.db #0x98	; 152
   003C CC                  105 	.db #0xcc	; 204
   003D 30                  106 	.db #0x30	; 48	'0'
   003E 64                  107 	.db #0x64	; 100	'd'
   003F CC                  108 	.db #0xcc	; 204
   0040 CC                  109 	.db #0xcc	; 204
   0041 CC                  110 	.db #0xcc	; 204
   0042 30                  111 	.db #0x30	; 48	'0'
   0043 88                  112 	.db #0x88	; 136
   0044 00                  113 	.db #0x00	; 0
   0045 00                  114 	.db #0x00	; 0
   0046 00                  115 	.db #0x00	; 0
   0047 00                  116 	.db #0x00	; 0
   0048 00                  117 	.db #0x00	; 0
   0049 00                  118 	.db #0x00	; 0
   004A 00                  119 	.db #0x00	; 0
   004B 44                  120 	.db #0x44	; 68	'D'
   004C 98                  121 	.db #0x98	; 152
   004D CC                  122 	.db #0xcc	; 204
   004E 98                  123 	.db #0x98	; 152
   004F 64                  124 	.db #0x64	; 100	'd'
   0050 CC                  125 	.db #0xcc	; 204
   0051 98                  126 	.db #0x98	; 152
   0052 64                  127 	.db #0x64	; 100	'd'
   0053 CC                  128 	.db #0xcc	; 204
   0054 30                  129 	.db #0x30	; 48	'0'
   0055 64                  130 	.db #0x64	; 100	'd'
   0056 00                  131 	.db #0x00	; 0
   0057 00                  132 	.db #0x00	; 0
   0058 00                  133 	.db #0x00	; 0
   0059 00                  134 	.db #0x00	; 0
   005A 00                  135 	.db #0x00	; 0
   005B 00                  136 	.db #0x00	; 0
   005C 44                  137 	.db #0x44	; 68	'D'
   005D CC                  138 	.db #0xcc	; 204
   005E 64                  139 	.db #0x64	; 100	'd'
   005F 98                  140 	.db #0x98	; 152
   0060 30                  141 	.db #0x30	; 48	'0'
   0061 CC                  142 	.db #0xcc	; 204
   0062 30                  143 	.db #0x30	; 48	'0'
   0063 30                  144 	.db #0x30	; 48	'0'
   0064 30                  145 	.db #0x30	; 48	'0'
   0065 64                  146 	.db #0x64	; 100	'd'
   0066 CC                  147 	.db #0xcc	; 204
   0067 CC                  148 	.db #0xcc	; 204
   0068 CC                  149 	.db #0xcc	; 204
   0069 00                  150 	.db #0x00	; 0
   006A 00                  151 	.db #0x00	; 0
   006B 00                  152 	.db #0x00	; 0
   006C 00                  153 	.db #0x00	; 0
   006D 00                  154 	.db #0x00	; 0
   006E CC                  155 	.db #0xcc	; 204
   006F CC                  156 	.db #0xcc	; 204
   0070 CC                  157 	.db #0xcc	; 204
   0071 98                  158 	.db #0x98	; 152
   0072 30                  159 	.db #0x30	; 48	'0'
   0073 30                  160 	.db #0x30	; 48	'0'
   0074 30                  161 	.db #0x30	; 48	'0'
   0075 30                  162 	.db #0x30	; 48	'0'
   0076 30                  163 	.db #0x30	; 48	'0'
   0077 30                  164 	.db #0x30	; 48	'0'
   0078 30                  165 	.db #0x30	; 48	'0'
   0079 30                  166 	.db #0x30	; 48	'0'
   007A CC                  167 	.db #0xcc	; 204
   007B 88                  168 	.db #0x88	; 136
   007C 00                  169 	.db #0x00	; 0
   007D 00                  170 	.db #0x00	; 0
   007E 00                  171 	.db #0x00	; 0
   007F 44                  172 	.db #0x44	; 68	'D'
   0080 CC                  173 	.db #0xcc	; 204
   0081 98                  174 	.db #0x98	; 152
   0082 CC                  175 	.db #0xcc	; 204
   0083 30                  176 	.db #0x30	; 48	'0'
   0084 64                  177 	.db #0x64	; 100	'd'
   0085 CC                  178 	.db #0xcc	; 204
   0086 CC                  179 	.db #0xcc	; 204
   0087 CC                  180 	.db #0xcc	; 204
   0088 CC                  181 	.db #0xcc	; 204
   0089 CC                  182 	.db #0xcc	; 204
   008A 98                  183 	.db #0x98	; 152
   008B 30                  184 	.db #0x30	; 48	'0'
   008C CC                  185 	.db #0xcc	; 204
   008D 88                  186 	.db #0x88	; 136
   008E 00                  187 	.db #0x00	; 0
   008F 00                  188 	.db #0x00	; 0
   0090 00                  189 	.db #0x00	; 0
   0091 44                  190 	.db #0x44	; 68	'D'
   0092 CC                  191 	.db #0xcc	; 204
   0093 64                  192 	.db #0x64	; 100	'd'
   0094 98                  193 	.db #0x98	; 152
   0095 64                  194 	.db #0x64	; 100	'd'
   0096 DC                  195 	.db #0xdc	; 220
   0097 EC                  196 	.db #0xec	; 236
   0098 CC                  197 	.db #0xcc	; 204
   0099 EC                  198 	.db #0xec	; 236
   009A CC                  199 	.db #0xcc	; 204
   009B 98                  200 	.db #0x98	; 152
   009C 64                  201 	.db #0x64	; 100	'd'
   009D 30                  202 	.db #0x30	; 48	'0'
   009E 64                  203 	.db #0x64	; 100	'd'
   009F CC                  204 	.db #0xcc	; 204
   00A0 00                  205 	.db #0x00	; 0
   00A1 00                  206 	.db #0x00	; 0
   00A2 00                  207 	.db #0x00	; 0
   00A3 CC                  208 	.db #0xcc	; 204
   00A4 98                  209 	.db #0x98	; 152
   00A5 CC                  210 	.db #0xcc	; 204
   00A6 30                  211 	.db #0x30	; 48	'0'
   00A7 CC                  212 	.db #0xcc	; 204
   00A8 FC                  213 	.db #0xfc	; 252
   00A9 CC                  214 	.db #0xcc	; 204
   00AA FC                  215 	.db #0xfc	; 252
   00AB FC                  216 	.db #0xfc	; 252
   00AC FC                  217 	.db #0xfc	; 252
   00AD CC                  218 	.db #0xcc	; 204
   00AE 64                  219 	.db #0x64	; 100	'd'
   00AF 98                  220 	.db #0x98	; 152
   00B0 64                  221 	.db #0x64	; 100	'd'
   00B1 CC                  222 	.db #0xcc	; 204
   00B2 00                  223 	.db #0x00	; 0
   00B3 00                  224 	.db #0x00	; 0
   00B4 00                  225 	.db #0x00	; 0
   00B5 98                  226 	.db #0x98	; 152
   00B6 CC                  227 	.db #0xcc	; 204
   00B7 98                  228 	.db #0x98	; 152
   00B8 64                  229 	.db #0x64	; 100	'd'
   00B9 DC                  230 	.db #0xdc	; 220
   00BA FC                  231 	.db #0xfc	; 252
   00BB FC                  232 	.db #0xfc	; 252
   00BC FC                  233 	.db #0xfc	; 252
   00BD C3                  234 	.db #0xc3	; 195
   00BE FC                  235 	.db #0xfc	; 252
   00BF EC                  236 	.db #0xec	; 236
   00C0 98                  237 	.db #0x98	; 152
   00C1 98                  238 	.db #0x98	; 152
   00C2 30                  239 	.db #0x30	; 48	'0'
   00C3 CC                  240 	.db #0xcc	; 204
   00C4 88                  241 	.db #0x88	; 136
   00C5 00                  242 	.db #0x00	; 0
   00C6 00                  243 	.db #0x00	; 0
   00C7 98                  244 	.db #0x98	; 152
   00C8 CC                  245 	.db #0xcc	; 204
   00C9 30                  246 	.db #0x30	; 48	'0'
   00CA CC                  247 	.db #0xcc	; 204
   00CB FC                  248 	.db #0xfc	; 252
   00CC E9                  249 	.db #0xe9	; 233
   00CD C3                  250 	.db #0xc3	; 195
   00CE C3                  251 	.db #0xc3	; 195
   00CF D6                  252 	.db #0xd6	; 214
   00D0 C3                  253 	.db #0xc3	; 195
   00D1 92                  254 	.db #0x92	; 146
   00D2 CC                  255 	.db #0xcc	; 204
   00D3 64                  256 	.db #0x64	; 100	'd'
   00D4 30                  257 	.db #0x30	; 48	'0'
   00D5 98                  258 	.db #0x98	; 152
   00D6 88                  259 	.db #0x88	; 136
   00D7 00                  260 	.db #0x00	; 0
   00D8 00                  261 	.db #0x00	; 0
   00D9 98                  262 	.db #0x98	; 152
   00DA CC                  263 	.db #0xcc	; 204
   00DB 64                  264 	.db #0x64	; 100	'd'
   00DC DC                  265 	.db #0xdc	; 220
   00DD FC                  266 	.db #0xfc	; 252
   00DE FC                  267 	.db #0xfc	; 252
   00DF FC                  268 	.db #0xfc	; 252
   00E0 FC                  269 	.db #0xfc	; 252
   00E1 FC                  270 	.db #0xfc	; 252
   00E2 FC                  271 	.db #0xfc	; 252
   00E3 C3                  272 	.db #0xc3	; 195
   00E4 C6                  273 	.db #0xc6	; 198
   00E5 CC                  274 	.db #0xcc	; 204
   00E6 30                  275 	.db #0x30	; 48	'0'
   00E7 CC                  276 	.db #0xcc	; 204
   00E8 88                  277 	.db #0x88	; 136
   00E9 00                  278 	.db #0x00	; 0
   00EA 00                  279 	.db #0x00	; 0
   00EB 98                  280 	.db #0x98	; 152
   00EC 98                  281 	.db #0x98	; 152
   00ED CC                  282 	.db #0xcc	; 204
   00EE FC                  283 	.db #0xfc	; 252
   00EF FC                  284 	.db #0xfc	; 252
   00F0 FC                  285 	.db #0xfc	; 252
   00F1 FC                  286 	.db #0xfc	; 252
   00F2 AD                  287 	.db #0xad	; 173
   00F3 5E                  288 	.db #0x5e	; 94
   00F4 FC                  289 	.db #0xfc	; 252
   00F5 FC                  290 	.db #0xfc	; 252
   00F6 C3                  291 	.db #0xc3	; 195
   00F7 EC                  292 	.db #0xec	; 236
   00F8 98                  293 	.db #0x98	; 152
   00F9 64                  294 	.db #0x64	; 100	'd'
   00FA CC                  295 	.db #0xcc	; 204
   00FB 00                  296 	.db #0x00	; 0
   00FC 44                  297 	.db #0x44	; 68	'D'
   00FD 30                  298 	.db #0x30	; 48	'0'
   00FE 98                  299 	.db #0x98	; 152
   00FF DC                  300 	.db #0xdc	; 220
   0100 FC                  301 	.db #0xfc	; 252
   0101 FC                  302 	.db #0xfc	; 252
   0102 FC                  303 	.db #0xfc	; 252
   0103 5E                  304 	.db #0x5e	; 94
   0104 0F                  305 	.db #0x0f	; 15
   0105 FC                  306 	.db #0xfc	; 252
   0106 FC                  307 	.db #0xfc	; 252
   0107 FC                  308 	.db #0xfc	; 252
   0108 E9                  309 	.db #0xe9	; 233
   0109 FC                  310 	.db #0xfc	; 252
   010A 98                  311 	.db #0x98	; 152
   010B 64                  312 	.db #0x64	; 100	'd'
   010C 64                  313 	.db #0x64	; 100	'd'
   010D 00                  314 	.db #0x00	; 0
   010E 44                  315 	.db #0x44	; 68	'D'
   010F 64                  316 	.db #0x64	; 100	'd'
   0110 CC                  317 	.db #0xcc	; 204
   0111 DC                  318 	.db #0xdc	; 220
   0112 FC                  319 	.db #0xfc	; 252
   0113 FC                  320 	.db #0xfc	; 252
   0114 FC                  321 	.db #0xfc	; 252
   0115 AD                  322 	.db #0xad	; 173
   0116 5E                  323 	.db #0x5e	; 94
   0117 FC                  324 	.db #0xfc	; 252
   0118 FC                  325 	.db #0xfc	; 252
   0119 FC                  326 	.db #0xfc	; 252
   011A FC                  327 	.db #0xfc	; 252
   011B D6                  328 	.db #0xd6	; 214
   011C EC                  329 	.db #0xec	; 236
   011D 64                  330 	.db #0x64	; 100	'd'
   011E 64                  331 	.db #0x64	; 100	'd'
   011F 00                  332 	.db #0x00	; 0
   0120 44                  333 	.db #0x44	; 68	'D'
   0121 64                  334 	.db #0x64	; 100	'd'
   0122 CC                  335 	.db #0xcc	; 204
   0123 FC                  336 	.db #0xfc	; 252
   0124 AD                  337 	.db #0xad	; 173
   0125 0F                  338 	.db #0x0f	; 15
   0126 5E                  339 	.db #0x5e	; 94
   0127 FC                  340 	.db #0xfc	; 252
   0128 FC                  341 	.db #0xfc	; 252
   0129 FC                  342 	.db #0xfc	; 252
   012A FC                  343 	.db #0xfc	; 252
   012B FC                  344 	.db #0xfc	; 252
   012C FC                  345 	.db #0xfc	; 252
   012D C3                  346 	.db #0xc3	; 195
   012E EC                  347 	.db #0xec	; 236
   012F 64                  348 	.db #0x64	; 100	'd'
   0130 64                  349 	.db #0x64	; 100	'd'
   0131 00                  350 	.db #0x00	; 0
   0132 44                  351 	.db #0x44	; 68	'D'
   0133 CC                  352 	.db #0xcc	; 204
   0134 64                  353 	.db #0x64	; 100	'd'
   0135 E9                  354 	.db #0xe9	; 233
   0136 0F                  355 	.db #0x0f	; 15
   0137 FC                  356 	.db #0xfc	; 252
   0138 0F                  357 	.db #0x0f	; 15
   0139 FC                  358 	.db #0xfc	; 252
   013A FC                  359 	.db #0xfc	; 252
   013B FC                  360 	.db #0xfc	; 252
   013C 0F                  361 	.db #0x0f	; 15
   013D 0F                  362 	.db #0x0f	; 15
   013E 5E                  363 	.db #0x5e	; 94
   013F E9                  364 	.db #0xe9	; 233
   0140 EC                  365 	.db #0xec	; 236
   0141 30                  366 	.db #0x30	; 48	'0'
   0142 CC                  367 	.db #0xcc	; 204
   0143 00                  368 	.db #0x00	; 0
   0144 44                  369 	.db #0x44	; 68	'D'
   0145 CC                  370 	.db #0xcc	; 204
   0146 64                  371 	.db #0x64	; 100	'd'
   0147 E9                  372 	.db #0xe9	; 233
   0148 5E                  373 	.db #0x5e	; 94
   0149 FC                  374 	.db #0xfc	; 252
   014A AD                  375 	.db #0xad	; 173
   014B 5E                  376 	.db #0x5e	; 94
   014C AD                  377 	.db #0xad	; 173
   014D 0F                  378 	.db #0x0f	; 15
   014E 5E                  379 	.db #0x5e	; 94
   014F FC                  380 	.db #0xfc	; 252
   0150 0F                  381 	.db #0x0f	; 15
   0151 4B                  382 	.db #0x4b	; 75	'K'
   0152 EC                  383 	.db #0xec	; 236
   0153 30                  384 	.db #0x30	; 48	'0'
   0154 CC                  385 	.db #0xcc	; 204
   0155 88                  386 	.db #0x88	; 136
   0156 CC                  387 	.db #0xcc	; 204
   0157 CC                  388 	.db #0xcc	; 204
   0158 64                  389 	.db #0x64	; 100	'd'
   0159 C3                  390 	.db #0xc3	; 195
   015A FC                  391 	.db #0xfc	; 252
   015B FC                  392 	.db #0xfc	; 252
   015C FC                  393 	.db #0xfc	; 252
   015D AD                  394 	.db #0xad	; 173
   015E 0F                  395 	.db #0x0f	; 15
   015F FC                  396 	.db #0xfc	; 252
   0160 FC                  397 	.db #0xfc	; 252
   0161 FC                  398 	.db #0xfc	; 252
   0162 FC                  399 	.db #0xfc	; 252
   0163 E9                  400 	.db #0xe9	; 233
   0164 C6                  401 	.db #0xc6	; 198
   0165 30                  402 	.db #0x30	; 48	'0'
   0166 98                  403 	.db #0x98	; 152
   0167 88                  404 	.db #0x88	; 136
   0168 CC                  405 	.db #0xcc	; 204
   0169 64                  406 	.db #0x64	; 100	'd'
   016A 64                  407 	.db #0x64	; 100	'd'
   016B D6                  408 	.db #0xd6	; 214
   016C E9                  409 	.db #0xe9	; 233
   016D C3                  410 	.db #0xc3	; 195
   016E C3                  411 	.db #0xc3	; 195
   016F D6                  412 	.db #0xd6	; 214
   0170 FC                  413 	.db #0xfc	; 252
   0171 FC                  414 	.db #0xfc	; 252
   0172 FC                  415 	.db #0xfc	; 252
   0173 FC                  416 	.db #0xfc	; 252
   0174 FC                  417 	.db #0xfc	; 252
   0175 FC                  418 	.db #0xfc	; 252
   0176 C6                  419 	.db #0xc6	; 198
   0177 30                  420 	.db #0x30	; 48	'0'
   0178 98                  421 	.db #0x98	; 152
   0179 88                  422 	.db #0x88	; 136
   017A CC                  423 	.db #0xcc	; 204
   017B 64                  424 	.db #0x64	; 100	'd'
   017C CC                  425 	.db #0xcc	; 204
   017D D6                  426 	.db #0xd6	; 214
   017E FC                  427 	.db #0xfc	; 252
   017F FC                  428 	.db #0xfc	; 252
   0180 FC                  429 	.db #0xfc	; 252
   0181 C3                  430 	.db #0xc3	; 195
   0182 C3                  431 	.db #0xc3	; 195
   0183 C3                  432 	.db #0xc3	; 195
   0184 C3                  433 	.db #0xc3	; 195
   0185 D6                  434 	.db #0xd6	; 214
   0186 FC                  435 	.db #0xfc	; 252
   0187 FC                  436 	.db #0xfc	; 252
   0188 92                  437 	.db #0x92	; 146
   0189 98                  438 	.db #0x98	; 152
   018A 98                  439 	.db #0x98	; 152
   018B 88                  440 	.db #0x88	; 136
   018C CC                  441 	.db #0xcc	; 204
   018D 64                  442 	.db #0x64	; 100	'd'
   018E 98                  443 	.db #0x98	; 152
   018F D6                  444 	.db #0xd6	; 214
   0190 FC                  445 	.db #0xfc	; 252
   0191 FC                  446 	.db #0xfc	; 252
   0192 FC                  447 	.db #0xfc	; 252
   0193 FC                  448 	.db #0xfc	; 252
   0194 FC                  449 	.db #0xfc	; 252
   0195 FC                  450 	.db #0xfc	; 252
   0196 FC                  451 	.db #0xfc	; 252
   0197 C3                  452 	.db #0xc3	; 195
   0198 C3                  453 	.db #0xc3	; 195
   0199 D6                  454 	.db #0xd6	; 214
   019A 92                  455 	.db #0x92	; 146
   019B 98                  456 	.db #0x98	; 152
   019C 98                  457 	.db #0x98	; 152
   019D 88                  458 	.db #0x88	; 136
   019E CC                  459 	.db #0xcc	; 204
   019F 98                  460 	.db #0x98	; 152
   01A0 CC                  461 	.db #0xcc	; 204
   01A1 D6                  462 	.db #0xd6	; 214
   01A2 FC                  463 	.db #0xfc	; 252
   01A3 FC                  464 	.db #0xfc	; 252
   01A4 FC                  465 	.db #0xfc	; 252
   01A5 FC                  466 	.db #0xfc	; 252
   01A6 FC                  467 	.db #0xfc	; 252
   01A7 FC                  468 	.db #0xfc	; 252
   01A8 FC                  469 	.db #0xfc	; 252
   01A9 FC                  470 	.db #0xfc	; 252
   01AA FC                  471 	.db #0xfc	; 252
   01AB FC                  472 	.db #0xfc	; 252
   01AC C3                  473 	.db #0xc3	; 195
   01AD 98                  474 	.db #0x98	; 152
   01AE 98                  475 	.db #0x98	; 152
   01AF CC                  476 	.db #0xcc	; 204
   01B0 98                  477 	.db #0x98	; 152
   01B1 98                  478 	.db #0x98	; 152
   01B2 CC                  479 	.db #0xcc	; 204
   01B3 D6                  480 	.db #0xd6	; 214
   01B4 FC                  481 	.db #0xfc	; 252
   01B5 FC                  482 	.db #0xfc	; 252
   01B6 FC                  483 	.db #0xfc	; 252
   01B7 FC                  484 	.db #0xfc	; 252
   01B8 FC                  485 	.db #0xfc	; 252
   01B9 FC                  486 	.db #0xfc	; 252
   01BA FC                  487 	.db #0xfc	; 252
   01BB FC                  488 	.db #0xfc	; 252
   01BC FC                  489 	.db #0xfc	; 252
   01BD FC                  490 	.db #0xfc	; 252
   01BE E9                  491 	.db #0xe9	; 233
   01BF 98                  492 	.db #0x98	; 152
   01C0 98                  493 	.db #0x98	; 152
   01C1 CC                  494 	.db #0xcc	; 204
   01C2 98                  495 	.db #0x98	; 152
   01C3 98                  496 	.db #0x98	; 152
   01C4 CC                  497 	.db #0xcc	; 204
   01C5 87                  498 	.db #0x87	; 135
   01C6 0F                  499 	.db #0x0f	; 15
   01C7 0F                  500 	.db #0x0f	; 15
   01C8 0F                  501 	.db #0x0f	; 15
   01C9 FC                  502 	.db #0xfc	; 252
   01CA FC                  503 	.db #0xfc	; 252
   01CB FC                  504 	.db #0xfc	; 252
   01CC FC                  505 	.db #0xfc	; 252
   01CD FC                  506 	.db #0xfc	; 252
   01CE FC                  507 	.db #0xfc	; 252
   01CF FC                  508 	.db #0xfc	; 252
   01D0 E9                  509 	.db #0xe9	; 233
   01D1 CC                  510 	.db #0xcc	; 204
   01D2 CC                  511 	.db #0xcc	; 204
   01D3 CC                  512 	.db #0xcc	; 204
   01D4 98                  513 	.db #0x98	; 152
   01D5 98                  514 	.db #0x98	; 152
   01D6 98                  515 	.db #0x98	; 152
   01D7 87                  516 	.db #0x87	; 135
   01D8 FC                  517 	.db #0xfc	; 252
   01D9 FC                  518 	.db #0xfc	; 252
   01DA AD                  519 	.db #0xad	; 173
   01DB 5E                  520 	.db #0x5e	; 94
   01DC FC                  521 	.db #0xfc	; 252
   01DD FC                  522 	.db #0xfc	; 252
   01DE FC                  523 	.db #0xfc	; 252
   01DF FC                  524 	.db #0xfc	; 252
   01E0 FC                  525 	.db #0xfc	; 252
   01E1 FC                  526 	.db #0xfc	; 252
   01E2 E9                  527 	.db #0xe9	; 233
   01E3 EC                  528 	.db #0xec	; 236
   01E4 64                  529 	.db #0x64	; 100	'd'
   01E5 98                  530 	.db #0x98	; 152
   01E6 98                  531 	.db #0x98	; 152
   01E7 98                  532 	.db #0x98	; 152
   01E8 98                  533 	.db #0x98	; 152
   01E9 D6                  534 	.db #0xd6	; 214
   01EA FC                  535 	.db #0xfc	; 252
   01EB FC                  536 	.db #0xfc	; 252
   01EC FC                  537 	.db #0xfc	; 252
   01ED AD                  538 	.db #0xad	; 173
   01EE 0F                  539 	.db #0x0f	; 15
   01EF FC                  540 	.db #0xfc	; 252
   01F0 FC                  541 	.db #0xfc	; 252
   01F1 FC                  542 	.db #0xfc	; 252
   01F2 FC                  543 	.db #0xfc	; 252
   01F3 FC                  544 	.db #0xfc	; 252
   01F4 E9                  545 	.db #0xe9	; 233
   01F5 EC                  546 	.db #0xec	; 236
   01F6 64                  547 	.db #0x64	; 100	'd'
   01F7 98                  548 	.db #0x98	; 152
   01F8 CC                  549 	.db #0xcc	; 204
   01F9 98                  550 	.db #0x98	; 152
   01FA CC                  551 	.db #0xcc	; 204
   01FB D6                  552 	.db #0xd6	; 214
   01FC FC                  553 	.db #0xfc	; 252
   01FD FC                  554 	.db #0xfc	; 252
   01FE FC                  555 	.db #0xfc	; 252
   01FF FC                  556 	.db #0xfc	; 252
   0200 AD                  557 	.db #0xad	; 173
   0201 5E                  558 	.db #0x5e	; 94
   0202 FC                  559 	.db #0xfc	; 252
   0203 AD                  560 	.db #0xad	; 173
   0204 0F                  561 	.db #0x0f	; 15
   0205 0F                  562 	.db #0x0f	; 15
   0206 4B                  563 	.db #0x4b	; 75	'K'
   0207 EC                  564 	.db #0xec	; 236
   0208 CC                  565 	.db #0xcc	; 204
   0209 98                  566 	.db #0x98	; 152
   020A CC                  567 	.db #0xcc	; 204
   020B 98                  568 	.db #0x98	; 152
   020C 64                  569 	.db #0x64	; 100	'd'
   020D 4B                  570 	.db #0x4b	; 75	'K'
   020E FC                  571 	.db #0xfc	; 252
   020F FC                  572 	.db #0xfc	; 252
   0210 FC                  573 	.db #0xfc	; 252
   0211 FC                  574 	.db #0xfc	; 252
   0212 FC                  575 	.db #0xfc	; 252
   0213 AD                  576 	.db #0xad	; 173
   0214 0F                  577 	.db #0x0f	; 15
   0215 0F                  578 	.db #0x0f	; 15
   0216 FC                  579 	.db #0xfc	; 252
   0217 FC                  580 	.db #0xfc	; 252
   0218 E9                  581 	.db #0xe9	; 233
   0219 D6                  582 	.db #0xd6	; 214
   021A CC                  583 	.db #0xcc	; 204
   021B 98                  584 	.db #0x98	; 152
   021C CC                  585 	.db #0xcc	; 204
   021D 98                  586 	.db #0x98	; 152
   021E 64                  587 	.db #0x64	; 100	'd'
   021F 4B                  588 	.db #0x4b	; 75	'K'
   0220 FC                  589 	.db #0xfc	; 252
   0221 FC                  590 	.db #0xfc	; 252
   0222 C3                  591 	.db #0xc3	; 195
   0223 D6                  592 	.db #0xd6	; 214
   0224 FC                  593 	.db #0xfc	; 252
   0225 FC                  594 	.db #0xfc	; 252
   0226 FC                  595 	.db #0xfc	; 252
   0227 FC                  596 	.db #0xfc	; 252
   0228 FC                  597 	.db #0xfc	; 252
   0229 FC                  598 	.db #0xfc	; 252
   022A FC                  599 	.db #0xfc	; 252
   022B D6                  600 	.db #0xd6	; 214
   022C 98                  601 	.db #0x98	; 152
   022D 30                  602 	.db #0x30	; 48	'0'
   022E CC                  603 	.db #0xcc	; 204
   022F 30                  604 	.db #0x30	; 48	'0'
   0230 CC                  605 	.db #0xcc	; 204
   0231 4B                  606 	.db #0x4b	; 75	'K'
   0232 E9                  607 	.db #0xe9	; 233
   0233 C3                  608 	.db #0xc3	; 195
   0234 D6                  609 	.db #0xd6	; 214
   0235 E9                  610 	.db #0xe9	; 233
   0236 C3                  611 	.db #0xc3	; 195
   0237 FC                  612 	.db #0xfc	; 252
   0238 FC                  613 	.db #0xfc	; 252
   0239 FC                  614 	.db #0xfc	; 252
   023A 0F                  615 	.db #0x0f	; 15
   023B 0F                  616 	.db #0x0f	; 15
   023C 5E                  617 	.db #0x5e	; 94
   023D D6                  618 	.db #0xd6	; 214
   023E 98                  619 	.db #0x98	; 152
   023F 30                  620 	.db #0x30	; 48	'0'
   0240 98                  621 	.db #0x98	; 152
   0241 30                  622 	.db #0x30	; 48	'0'
   0242 8D                  623 	.db #0x8d	; 141
   0243 4B                  624 	.db #0x4b	; 75	'K'
   0244 FC                  625 	.db #0xfc	; 252
   0245 FC                  626 	.db #0xfc	; 252
   0246 FC                  627 	.db #0xfc	; 252
   0247 FC                  628 	.db #0xfc	; 252
   0248 E9                  629 	.db #0xe9	; 233
   0249 D6                  630 	.db #0xd6	; 214
   024A FC                  631 	.db #0xfc	; 252
   024B FC                  632 	.db #0xfc	; 252
   024C FC                  633 	.db #0xfc	; 252
   024D FC                  634 	.db #0xfc	; 252
   024E 0F                  635 	.db #0x0f	; 15
   024F D6                  636 	.db #0xd6	; 214
   0250 98                  637 	.db #0x98	; 152
   0251 98                  638 	.db #0x98	; 152
   0252 98                  639 	.db #0x98	; 152
   0253 98                  640 	.db #0x98	; 152
   0254 8D                  641 	.db #0x8d	; 141
   0255 C3                  642 	.db #0xc3	; 195
   0256 FC                  643 	.db #0xfc	; 252
   0257 FC                  644 	.db #0xfc	; 252
   0258 FC                  645 	.db #0xfc	; 252
   0259 FC                  646 	.db #0xfc	; 252
   025A FC                  647 	.db #0xfc	; 252
   025B C3                  648 	.db #0xc3	; 195
   025C FC                  649 	.db #0xfc	; 252
   025D FC                  650 	.db #0xfc	; 252
   025E FC                  651 	.db #0xfc	; 252
   025F FC                  652 	.db #0xfc	; 252
   0260 FC                  653 	.db #0xfc	; 252
   0261 D6                  654 	.db #0xd6	; 214
   0262 98                  655 	.db #0x98	; 152
   0263 CC                  656 	.db #0xcc	; 204
   0264 98                  657 	.db #0x98	; 152
   0265 98                  658 	.db #0x98	; 152
   0266 8D                  659 	.db #0x8d	; 141
   0267 D6                  660 	.db #0xd6	; 214
   0268 FC                  661 	.db #0xfc	; 252
   0269 FC                  662 	.db #0xfc	; 252
   026A FC                  663 	.db #0xfc	; 252
   026B FC                  664 	.db #0xfc	; 252
   026C FC                  665 	.db #0xfc	; 252
   026D E9                  666 	.db #0xe9	; 233
   026E D6                  667 	.db #0xd6	; 214
   026F FC                  668 	.db #0xfc	; 252
   0270 FC                  669 	.db #0xfc	; 252
   0271 FC                  670 	.db #0xfc	; 252
   0272 FC                  671 	.db #0xfc	; 252
   0273 FC                  672 	.db #0xfc	; 252
   0274 98                  673 	.db #0x98	; 152
   0275 CC                  674 	.db #0xcc	; 204
   0276 98                  675 	.db #0x98	; 152
   0277 CC                  676 	.db #0xcc	; 204
   0278 8D                  677 	.db #0x8d	; 141
   0279 D6                  678 	.db #0xd6	; 214
   027A FC                  679 	.db #0xfc	; 252
   027B FC                  680 	.db #0xfc	; 252
   027C FC                  681 	.db #0xfc	; 252
   027D FC                  682 	.db #0xfc	; 252
   027E FC                  683 	.db #0xfc	; 252
   027F FC                  684 	.db #0xfc	; 252
   0280 C3                  685 	.db #0xc3	; 195
   0281 FC                  686 	.db #0xfc	; 252
   0282 FC                  687 	.db #0xfc	; 252
   0283 FC                  688 	.db #0xfc	; 252
   0284 FC                  689 	.db #0xfc	; 252
   0285 FC                  690 	.db #0xfc	; 252
   0286 98                  691 	.db #0x98	; 152
   0287 CC                  692 	.db #0xcc	; 204
   0288 98                  693 	.db #0x98	; 152
   0289 CC                  694 	.db #0xcc	; 204
   028A C9                  695 	.db #0xc9	; 201
   028B D6                  696 	.db #0xd6	; 214
   028C FC                  697 	.db #0xfc	; 252
   028D 0F                  698 	.db #0x0f	; 15
   028E 0F                  699 	.db #0x0f	; 15
   028F FC                  700 	.db #0xfc	; 252
   0290 FC                  701 	.db #0xfc	; 252
   0291 FC                  702 	.db #0xfc	; 252
   0292 E9                  703 	.db #0xe9	; 233
   0293 C3                  704 	.db #0xc3	; 195
   0294 C3                  705 	.db #0xc3	; 195
   0295 C3                  706 	.db #0xc3	; 195
   0296 FC                  707 	.db #0xfc	; 252
   0297 C3                  708 	.db #0xc3	; 195
   0298 98                  709 	.db #0x98	; 152
   0299 98                  710 	.db #0x98	; 152
   029A 98                  711 	.db #0x98	; 152
   029B CC                  712 	.db #0xcc	; 204
   029C C9                  713 	.db #0xc9	; 201
   029D AD                  714 	.db #0xad	; 173
   029E 0F                  715 	.db #0x0f	; 15
   029F 5E                  716 	.db #0x5e	; 94
   02A0 FC                  717 	.db #0xfc	; 252
   02A1 5E                  718 	.db #0x5e	; 94
   02A2 FC                  719 	.db #0xfc	; 252
   02A3 FC                  720 	.db #0xfc	; 252
   02A4 FC                  721 	.db #0xfc	; 252
   02A5 FC                  722 	.db #0xfc	; 252
   02A6 FC                  723 	.db #0xfc	; 252
   02A7 FC                  724 	.db #0xfc	; 252
   02A8 D6                  725 	.db #0xd6	; 214
   02A9 E9                  726 	.db #0xe9	; 233
   02AA 98                  727 	.db #0x98	; 152
   02AB CC                  728 	.db #0xcc	; 204
   02AC 98                  729 	.db #0x98	; 152
   02AD 64                  730 	.db #0x64	; 100	'd'
   02AE C9                  731 	.db #0xc9	; 201
   02AF FC                  732 	.db #0xfc	; 252
   02B0 FC                  733 	.db #0xfc	; 252
   02B1 FC                  734 	.db #0xfc	; 252
   02B2 FC                  735 	.db #0xfc	; 252
   02B3 AD                  736 	.db #0xad	; 173
   02B4 FC                  737 	.db #0xfc	; 252
   02B5 FC                  738 	.db #0xfc	; 252
   02B6 FC                  739 	.db #0xfc	; 252
   02B7 FC                  740 	.db #0xfc	; 252
   02B8 0F                  741 	.db #0x0f	; 15
   02B9 0F                  742 	.db #0x0f	; 15
   02BA 5E                  743 	.db #0x5e	; 94
   02BB E9                  744 	.db #0xe9	; 233
   02BC 98                  745 	.db #0x98	; 152
   02BD CC                  746 	.db #0xcc	; 204
   02BE CC                  747 	.db #0xcc	; 204
   02BF CC                  748 	.db #0xcc	; 204
   02C0 61                  749 	.db #0x61	; 97	'a'
   02C1 FC                  750 	.db #0xfc	; 252
   02C2 E9                  751 	.db #0xe9	; 233
   02C3 C3                  752 	.db #0xc3	; 195
   02C4 C3                  753 	.db #0xc3	; 195
   02C5 87                  754 	.db #0x87	; 135
   02C6 0F                  755 	.db #0x0f	; 15
   02C7 FC                  756 	.db #0xfc	; 252
   02C8 FC                  757 	.db #0xfc	; 252
   02C9 0F                  758 	.db #0x0f	; 15
   02CA 5E                  759 	.db #0x5e	; 94
   02CB FC                  760 	.db #0xfc	; 252
   02CC FC                  761 	.db #0xfc	; 252
   02CD E9                  762 	.db #0xe9	; 233
   02CE 98                  763 	.db #0x98	; 152
   02CF CC                  764 	.db #0xcc	; 204
   02D0 98                  765 	.db #0x98	; 152
   02D1 CC                  766 	.db #0xcc	; 204
   02D2 61                  767 	.db #0x61	; 97	'a'
   02D3 FC                  768 	.db #0xfc	; 252
   02D4 E9                  769 	.db #0xe9	; 233
   02D5 FC                  770 	.db #0xfc	; 252
   02D6 FC                  771 	.db #0xfc	; 252
   02D7 D6                  772 	.db #0xd6	; 214
   02D8 AD                  773 	.db #0xad	; 173
   02D9 0F                  774 	.db #0x0f	; 15
   02DA 0F                  775 	.db #0x0f	; 15
   02DB 5E                  776 	.db #0x5e	; 94
   02DC FC                  777 	.db #0xfc	; 252
   02DD FC                  778 	.db #0xfc	; 252
   02DE FC                  779 	.db #0xfc	; 252
   02DF E9                  780 	.db #0xe9	; 233
   02E0 98                  781 	.db #0x98	; 152
   02E1 CC                  782 	.db #0xcc	; 204
   02E2 CC                  783 	.db #0xcc	; 204
   02E3 CC                  784 	.db #0xcc	; 204
   02E4 C9                  785 	.db #0xc9	; 201
   02E5 FC                  786 	.db #0xfc	; 252
   02E6 D6                  787 	.db #0xd6	; 214
   02E7 FC                  788 	.db #0xfc	; 252
   02E8 FC                  789 	.db #0xfc	; 252
   02E9 FC                  790 	.db #0xfc	; 252
   02EA FC                  791 	.db #0xfc	; 252
   02EB FC                  792 	.db #0xfc	; 252
   02EC FC                  793 	.db #0xfc	; 252
   02ED FC                  794 	.db #0xfc	; 252
   02EE FC                  795 	.db #0xfc	; 252
   02EF FC                  796 	.db #0xfc	; 252
   02F0 FC                  797 	.db #0xfc	; 252
   02F1 C3                  798 	.db #0xc3	; 195
   02F2 CC                  799 	.db #0xcc	; 204
   02F3 CC                  800 	.db #0xcc	; 204
   02F4 CC                  801 	.db #0xcc	; 204
   02F5 CC                  802 	.db #0xcc	; 204
   02F6 C9                  803 	.db #0xc9	; 201
   02F7 D6                  804 	.db #0xd6	; 214
   02F8 FC                  805 	.db #0xfc	; 252
   02F9 FC                  806 	.db #0xfc	; 252
   02FA FC                  807 	.db #0xfc	; 252
   02FB FC                  808 	.db #0xfc	; 252
   02FC FC                  809 	.db #0xfc	; 252
   02FD FC                  810 	.db #0xfc	; 252
   02FE FC                  811 	.db #0xfc	; 252
   02FF FC                  812 	.db #0xfc	; 252
   0300 FC                  813 	.db #0xfc	; 252
   0301 FC                  814 	.db #0xfc	; 252
   0302 FC                  815 	.db #0xfc	; 252
   0303 87                  816 	.db #0x87	; 135
   0304 CC                  817 	.db #0xcc	; 204
   0305 64                  818 	.db #0x64	; 100	'd'
   0306 CC                  819 	.db #0xcc	; 204
   0307 64                  820 	.db #0x64	; 100	'd'
   0308 98                  821 	.db #0x98	; 152
   0309 D6                  822 	.db #0xd6	; 214
   030A FC                  823 	.db #0xfc	; 252
   030B FC                  824 	.db #0xfc	; 252
   030C FC                  825 	.db #0xfc	; 252
   030D E9                  826 	.db #0xe9	; 233
   030E D6                  827 	.db #0xd6	; 214
   030F FC                  828 	.db #0xfc	; 252
   0310 FC                  829 	.db #0xfc	; 252
   0311 C3                  830 	.db #0xc3	; 195
   0312 C3                  831 	.db #0xc3	; 195
   0313 C3                  832 	.db #0xc3	; 195
   0314 D6                  833 	.db #0xd6	; 214
   0315 E9                  834 	.db #0xe9	; 233
   0316 CC                  835 	.db #0xcc	; 204
   0317 64                  836 	.db #0x64	; 100	'd'
   0318 CC                  837 	.db #0xcc	; 204
   0319 64                  838 	.db #0x64	; 100	'd'
   031A 98                  839 	.db #0x98	; 152
   031B D6                  840 	.db #0xd6	; 214
   031C FC                  841 	.db #0xfc	; 252
   031D FC                  842 	.db #0xfc	; 252
   031E FC                  843 	.db #0xfc	; 252
   031F FC                  844 	.db #0xfc	; 252
   0320 C3                  845 	.db #0xc3	; 195
   0321 C3                  846 	.db #0xc3	; 195
   0322 C3                  847 	.db #0xc3	; 195
   0323 D6                  848 	.db #0xd6	; 214
   0324 FC                  849 	.db #0xfc	; 252
   0325 FC                  850 	.db #0xfc	; 252
   0326 FC                  851 	.db #0xfc	; 252
   0327 E9                  852 	.db #0xe9	; 233
   0328 CC                  853 	.db #0xcc	; 204
   0329 64                  854 	.db #0x64	; 100	'd'
   032A CC                  855 	.db #0xcc	; 204
   032B CC                  856 	.db #0xcc	; 204
   032C 98                  857 	.db #0x98	; 152
   032D D6                  858 	.db #0xd6	; 214
   032E FC                  859 	.db #0xfc	; 252
   032F FC                  860 	.db #0xfc	; 252
   0330 FC                  861 	.db #0xfc	; 252
   0331 FC                  862 	.db #0xfc	; 252
   0332 FC                  863 	.db #0xfc	; 252
   0333 FC                  864 	.db #0xfc	; 252
   0334 FC                  865 	.db #0xfc	; 252
   0335 FC                  866 	.db #0xfc	; 252
   0336 FC                  867 	.db #0xfc	; 252
   0337 FC                  868 	.db #0xfc	; 252
   0338 FC                  869 	.db #0xfc	; 252
   0339 E9                  870 	.db #0xe9	; 233
   033A CC                  871 	.db #0xcc	; 204
   033B 64                  872 	.db #0x64	; 100	'd'
   033C 44                  873 	.db #0x44	; 68	'D'
   033D CC                  874 	.db #0xcc	; 204
   033E CC                  875 	.db #0xcc	; 204
   033F C3                  876 	.db #0xc3	; 195
   0340 FC                  877 	.db #0xfc	; 252
   0341 FC                  878 	.db #0xfc	; 252
   0342 FC                  879 	.db #0xfc	; 252
   0343 FC                  880 	.db #0xfc	; 252
   0344 FC                  881 	.db #0xfc	; 252
   0345 FC                  882 	.db #0xfc	; 252
   0346 FC                  883 	.db #0xfc	; 252
   0347 FC                  884 	.db #0xfc	; 252
   0348 0F                  885 	.db #0x0f	; 15
   0349 FC                  886 	.db #0xfc	; 252
   034A FC                  887 	.db #0xfc	; 252
   034B B8                  888 	.db #0xb8	; 184
   034C CC                  889 	.db #0xcc	; 204
   034D 64                  890 	.db #0x64	; 100	'd'
   034E 44                  891 	.db #0x44	; 68	'D'
   034F CC                  892 	.db #0xcc	; 204
   0350 64                  893 	.db #0x64	; 100	'd'
   0351 E9                  894 	.db #0xe9	; 233
   0352 FC                  895 	.db #0xfc	; 252
   0353 0F                  896 	.db #0x0f	; 15
   0354 0F                  897 	.db #0x0f	; 15
   0355 5E                  898 	.db #0x5e	; 94
   0356 FC                  899 	.db #0xfc	; 252
   0357 FC                  900 	.db #0xfc	; 252
   0358 FC                  901 	.db #0xfc	; 252
   0359 AD                  902 	.db #0xad	; 173
   035A 5E                  903 	.db #0x5e	; 94
   035B FC                  904 	.db #0xfc	; 252
   035C FC                  905 	.db #0xfc	; 252
   035D 92                  906 	.db #0x92	; 146
   035E CC                  907 	.db #0xcc	; 204
   035F 64                  908 	.db #0x64	; 100	'd'
   0360 44                  909 	.db #0x44	; 68	'D'
   0361 CC                  910 	.db #0xcc	; 204
   0362 64                  911 	.db #0x64	; 100	'd'
   0363 E9                  912 	.db #0xe9	; 233
   0364 0F                  913 	.db #0x0f	; 15
   0365 5E                  914 	.db #0x5e	; 94
   0366 FC                  915 	.db #0xfc	; 252
   0367 FC                  916 	.db #0xfc	; 252
   0368 FC                  917 	.db #0xfc	; 252
   0369 AD                  918 	.db #0xad	; 173
   036A 0F                  919 	.db #0x0f	; 15
   036B 0F                  920 	.db #0x0f	; 15
   036C FC                  921 	.db #0xfc	; 252
   036D FC                  922 	.db #0xfc	; 252
   036E FC                  923 	.db #0xfc	; 252
   036F C6                  924 	.db #0xc6	; 198
   0370 64                  925 	.db #0x64	; 100	'd'
   0371 64                  926 	.db #0x64	; 100	'd'
   0372 44                  927 	.db #0x44	; 68	'D'
   0373 64                  928 	.db #0x64	; 100	'd'
   0374 64                  929 	.db #0x64	; 100	'd'
   0375 E9                  930 	.db #0xe9	; 233
   0376 5E                  931 	.db #0x5e	; 94
   0377 FC                  932 	.db #0xfc	; 252
   0378 FC                  933 	.db #0xfc	; 252
   0379 AD                  934 	.db #0xad	; 173
   037A FC                  935 	.db #0xfc	; 252
   037B AD                  936 	.db #0xad	; 173
   037C FC                  937 	.db #0xfc	; 252
   037D FC                  938 	.db #0xfc	; 252
   037E FC                  939 	.db #0xfc	; 252
   037F 0F                  940 	.db #0x0f	; 15
   0380 5E                  941 	.db #0x5e	; 94
   0381 C6                  942 	.db #0xc6	; 198
   0382 64                  943 	.db #0x64	; 100	'd'
   0383 64                  944 	.db #0x64	; 100	'd'
   0384 44                  945 	.db #0x44	; 68	'D'
   0385 64                  946 	.db #0x64	; 100	'd'
   0386 64                  947 	.db #0x64	; 100	'd'
   0387 E9                  948 	.db #0xe9	; 233
   0388 FC                  949 	.db #0xfc	; 252
   0389 FC                  950 	.db #0xfc	; 252
   038A C3                  951 	.db #0xc3	; 195
   038B AD                  952 	.db #0xad	; 173
   038C 5E                  953 	.db #0x5e	; 94
   038D FC                  954 	.db #0xfc	; 252
   038E FC                  955 	.db #0xfc	; 252
   038F FC                  956 	.db #0xfc	; 252
   0390 AD                  957 	.db #0xad	; 173
   0391 5E                  958 	.db #0x5e	; 94
   0392 FC                  959 	.db #0xfc	; 252
   0393 C6                  960 	.db #0xc6	; 198
   0394 64                  961 	.db #0x64	; 100	'd'
   0395 64                  962 	.db #0x64	; 100	'd'
   0396 44                  963 	.db #0x44	; 68	'D'
   0397 64                  964 	.db #0x64	; 100	'd'
   0398 CC                  965 	.db #0xcc	; 204
   0399 E9                  966 	.db #0xe9	; 233
   039A E9                  967 	.db #0xe9	; 233
   039B C3                  968 	.db #0xc3	; 195
   039C D6                  969 	.db #0xd6	; 214
   039D 87                  970 	.db #0x87	; 135
   039E 0F                  971 	.db #0x0f	; 15
   039F 5E                  972 	.db #0x5e	; 94
   03A0 FC                  973 	.db #0xfc	; 252
   03A1 AD                  974 	.db #0xad	; 173
   03A2 0F                  975 	.db #0x0f	; 15
   03A3 FC                  976 	.db #0xfc	; 252
   03A4 FC                  977 	.db #0xfc	; 252
   03A5 C6                  978 	.db #0xc6	; 198
   03A6 64                  979 	.db #0x64	; 100	'd'
   03A7 64                  980 	.db #0x64	; 100	'd'
   03A8 44                  981 	.db #0x44	; 68	'D'
   03A9 64                  982 	.db #0x64	; 100	'd'
   03AA CC                  983 	.db #0xcc	; 204
   03AB E9                  984 	.db #0xe9	; 233
   03AC C3                  985 	.db #0xc3	; 195
   03AD FC                  986 	.db #0xfc	; 252
   03AE FC                  987 	.db #0xfc	; 252
   03AF E9                  988 	.db #0xe9	; 233
   03B0 FC                  989 	.db #0xfc	; 252
   03B1 0F                  990 	.db #0x0f	; 15
   03B2 0F                  991 	.db #0x0f	; 15
   03B3 0F                  992 	.db #0x0f	; 15
   03B4 FC                  993 	.db #0xfc	; 252
   03B5 FC                  994 	.db #0xfc	; 252
   03B6 FC                  995 	.db #0xfc	; 252
   03B7 C6                  996 	.db #0xc6	; 198
   03B8 98                  997 	.db #0x98	; 152
   03B9 64                  998 	.db #0x64	; 100	'd'
   03BA 44                  999 	.db #0x44	; 68	'D'
   03BB 64                 1000 	.db #0x64	; 100	'd'
   03BC CC                 1001 	.db #0xcc	; 204
   03BD E9                 1002 	.db #0xe9	; 233
   03BE FC                 1003 	.db #0xfc	; 252
   03BF FC                 1004 	.db #0xfc	; 252
   03C0 FC                 1005 	.db #0xfc	; 252
   03C1 E9                 1006 	.db #0xe9	; 233
   03C2 D6                 1007 	.db #0xd6	; 214
   03C3 FC                 1008 	.db #0xfc	; 252
   03C4 FC                 1009 	.db #0xfc	; 252
   03C5 FC                 1010 	.db #0xfc	; 252
   03C6 FC                 1011 	.db #0xfc	; 252
   03C7 FC                 1012 	.db #0xfc	; 252
   03C8 E9                 1013 	.db #0xe9	; 233
   03C9 C6                 1014 	.db #0xc6	; 198
   03CA 98                 1015 	.db #0x98	; 152
   03CB 64                 1016 	.db #0x64	; 100	'd'
   03CC 44                 1017 	.db #0x44	; 68	'D'
   03CD CC                 1018 	.db #0xcc	; 204
   03CE 64                 1019 	.db #0x64	; 100	'd'
   03CF E9                 1020 	.db #0xe9	; 233
   03D0 FC                 1021 	.db #0xfc	; 252
   03D1 FC                 1022 	.db #0xfc	; 252
   03D2 FC                 1023 	.db #0xfc	; 252
   03D3 FC                 1024 	.db #0xfc	; 252
   03D4 C3                 1025 	.db #0xc3	; 195
   03D5 FC                 1026 	.db #0xfc	; 252
   03D6 FC                 1027 	.db #0xfc	; 252
   03D7 FC                 1028 	.db #0xfc	; 252
   03D8 FC                 1029 	.db #0xfc	; 252
   03D9 FC                 1030 	.db #0xfc	; 252
   03DA E9                 1031 	.db #0xe9	; 233
   03DB 98                 1032 	.db #0x98	; 152
   03DC 98                 1033 	.db #0x98	; 152
   03DD 64                 1034 	.db #0x64	; 100	'd'
   03DE 00                 1035 	.db #0x00	; 0
   03DF CC                 1036 	.db #0xcc	; 204
   03E0 64                 1037 	.db #0x64	; 100	'd'
   03E1 C9                 1038 	.db #0xc9	; 201
   03E2 FC                 1039 	.db #0xfc	; 252
   03E3 FC                 1040 	.db #0xfc	; 252
   03E4 FC                 1041 	.db #0xfc	; 252
   03E5 FC                 1042 	.db #0xfc	; 252
   03E6 E9                 1043 	.db #0xe9	; 233
   03E7 C3                 1044 	.db #0xc3	; 195
   03E8 FC                 1045 	.db #0xfc	; 252
   03E9 FC                 1046 	.db #0xfc	; 252
   03EA FC                 1047 	.db #0xfc	; 252
   03EB FC                 1048 	.db #0xfc	; 252
   03EC E9                 1049 	.db #0xe9	; 233
   03ED 98                 1050 	.db #0x98	; 152
   03EE 98                 1051 	.db #0x98	; 152
   03EF CC                 1052 	.db #0xcc	; 204
   03F0 00                 1053 	.db #0x00	; 0
   03F1 CC                 1054 	.db #0xcc	; 204
   03F2 64                 1055 	.db #0x64	; 100	'd'
   03F3 C9                 1056 	.db #0xc9	; 201
   03F4 D6                 1057 	.db #0xd6	; 214
   03F5 FC                 1058 	.db #0xfc	; 252
   03F6 FC                 1059 	.db #0xfc	; 252
   03F7 FC                 1060 	.db #0xfc	; 252
   03F8 FC                 1061 	.db #0xfc	; 252
   03F9 FC                 1062 	.db #0xfc	; 252
   03FA C3                 1063 	.db #0xc3	; 195
   03FB D6                 1064 	.db #0xd6	; 214
   03FC FC                 1065 	.db #0xfc	; 252
   03FD FC                 1066 	.db #0xfc	; 252
   03FE C3                 1067 	.db #0xc3	; 195
   03FF CC                 1068 	.db #0xcc	; 204
   0400 98                 1069 	.db #0x98	; 152
   0401 88                 1070 	.db #0x88	; 136
   0402 00                 1071 	.db #0x00	; 0
   0403 CC                 1072 	.db #0xcc	; 204
   0404 64                 1073 	.db #0x64	; 100	'd'
   0405 98                 1074 	.db #0x98	; 152
   0406 C3                 1075 	.db #0xc3	; 195
   0407 FC                 1076 	.db #0xfc	; 252
   0408 FC                 1077 	.db #0xfc	; 252
   0409 AD                 1078 	.db #0xad	; 173
   040A 0F                 1079 	.db #0x0f	; 15
   040B FC                 1080 	.db #0xfc	; 252
   040C FC                 1081 	.db #0xfc	; 252
   040D C3                 1082 	.db #0xc3	; 195
   040E D6                 1083 	.db #0xd6	; 214
   040F E9                 1084 	.db #0xe9	; 233
   0410 C6                 1085 	.db #0xc6	; 198
   0411 64                 1086 	.db #0x64	; 100	'd'
   0412 30                 1087 	.db #0x30	; 48	'0'
   0413 88                 1088 	.db #0x88	; 136
   0414 00                 1089 	.db #0x00	; 0
   0415 CC                 1090 	.db #0xcc	; 204
   0416 64                 1091 	.db #0x64	; 100	'd'
   0417 CC                 1092 	.db #0xcc	; 204
   0418 61                 1093 	.db #0x61	; 97	'a'
   0419 D6                 1094 	.db #0xd6	; 214
   041A FC                 1095 	.db #0xfc	; 252
   041B 5E                 1096 	.db #0x5e	; 94
   041C AD                 1097 	.db #0xad	; 173
   041D 0F                 1098 	.db #0x0f	; 15
   041E 5E                 1099 	.db #0x5e	; 94
   041F FC                 1100 	.db #0xfc	; 252
   0420 FC                 1101 	.db #0xfc	; 252
   0421 C3                 1102 	.db #0xc3	; 195
   0422 CC                 1103 	.db #0xcc	; 204
   0423 64                 1104 	.db #0x64	; 100	'd'
   0424 30                 1105 	.db #0x30	; 48	'0'
   0425 88                 1106 	.db #0x88	; 136
   0426 00                 1107 	.db #0x00	; 0
   0427 44                 1108 	.db #0x44	; 68	'D'
   0428 30                 1109 	.db #0x30	; 48	'0'
   0429 CC                 1110 	.db #0xcc	; 204
   042A 30                 1111 	.db #0x30	; 48	'0'
   042B C3                 1112 	.db #0xc3	; 195
   042C C3                 1113 	.db #0xc3	; 195
   042D FC                 1114 	.db #0xfc	; 252
   042E FC                 1115 	.db #0xfc	; 252
   042F FC                 1116 	.db #0xfc	; 252
   0430 0F                 1117 	.db #0x0f	; 15
   0431 FC                 1118 	.db #0xfc	; 252
   0432 C3                 1119 	.db #0xc3	; 195
   0433 92                 1120 	.db #0x92	; 146
   0434 98                 1121 	.db #0x98	; 152
   0435 64                 1122 	.db #0x64	; 100	'd'
   0436 64                 1123 	.db #0x64	; 100	'd'
   0437 00                 1124 	.db #0x00	; 0
   0438 00                 1125 	.db #0x00	; 0
   0439 44                 1126 	.db #0x44	; 68	'D'
   043A 98                 1127 	.db #0x98	; 152
   043B CC                 1128 	.db #0xcc	; 204
   043C 98                 1129 	.db #0x98	; 152
   043D C3                 1130 	.db #0xc3	; 195
   043E 0F                 1131 	.db #0x0f	; 15
   043F C3                 1132 	.db #0xc3	; 195
   0440 FC                 1133 	.db #0xfc	; 252
   0441 FC                 1134 	.db #0xfc	; 252
   0442 E9                 1135 	.db #0xe9	; 233
   0443 C3                 1136 	.db #0xc3	; 195
   0444 92                 1137 	.db #0x92	; 146
   0445 64                 1138 	.db #0x64	; 100	'd'
   0446 98                 1139 	.db #0x98	; 152
   0447 CC                 1140 	.db #0xcc	; 204
   0448 64                 1141 	.db #0x64	; 100	'd'
   0449 00                 1142 	.db #0x00	; 0
   044A 00                 1143 	.db #0x00	; 0
   044B 44                 1144 	.db #0x44	; 68	'D'
   044C 98                 1145 	.db #0x98	; 152
   044D 64                 1146 	.db #0x64	; 100	'd'
   044E CC                 1147 	.db #0xcc	; 204
   044F 61                 1148 	.db #0x61	; 97	'a'
   0450 C3                 1149 	.db #0xc3	; 195
   0451 C3                 1150 	.db #0xc3	; 195
   0452 C3                 1151 	.db #0xc3	; 195
   0453 E9                 1152 	.db #0xe9	; 233
   0454 C3                 1153 	.db #0xc3	; 195
   0455 30                 1154 	.db #0x30	; 48	'0'
   0456 30                 1155 	.db #0x30	; 48	'0'
   0457 CC                 1156 	.db #0xcc	; 204
   0458 64                 1157 	.db #0x64	; 100	'd'
   0459 98                 1158 	.db #0x98	; 152
   045A CC                 1159 	.db #0xcc	; 204
   045B 00                 1160 	.db #0x00	; 0
   045C 00                 1161 	.db #0x00	; 0
   045D 00                 1162 	.db #0x00	; 0
   045E 98                 1163 	.db #0x98	; 152
   045F 30                 1164 	.db #0x30	; 48	'0'
   0460 CC                 1165 	.db #0xcc	; 204
   0461 98                 1166 	.db #0x98	; 152
   0462 D6                 1167 	.db #0xd6	; 214
   0463 FC                 1168 	.db #0xfc	; 252
   0464 C3                 1169 	.db #0xc3	; 195
   0465 C3                 1170 	.db #0xc3	; 195
   0466 FC                 1171 	.db #0xfc	; 252
   0467 CC                 1172 	.db #0xcc	; 204
   0468 CC                 1173 	.db #0xcc	; 204
   0469 98                 1174 	.db #0x98	; 152
   046A 64                 1175 	.db #0x64	; 100	'd'
   046B 30                 1176 	.db #0x30	; 48	'0'
   046C 88                 1177 	.db #0x88	; 136
   046D 00                 1178 	.db #0x00	; 0
   046E 00                 1179 	.db #0x00	; 0
   046F 00                 1180 	.db #0x00	; 0
   0470 CC                 1181 	.db #0xcc	; 204
   0471 30                 1182 	.db #0x30	; 48	'0'
   0472 64                 1183 	.db #0x64	; 100	'd'
   0473 CC                 1184 	.db #0xcc	; 204
   0474 FC                 1185 	.db #0xfc	; 252
   0475 FC                 1186 	.db #0xfc	; 252
   0476 FC                 1187 	.db #0xfc	; 252
   0477 FC                 1188 	.db #0xfc	; 252
   0478 EC                 1189 	.db #0xec	; 236
   0479 98                 1190 	.db #0x98	; 152
   047A CC                 1191 	.db #0xcc	; 204
   047B 30                 1192 	.db #0x30	; 48	'0'
   047C CC                 1193 	.db #0xcc	; 204
   047D 64                 1194 	.db #0x64	; 100	'd'
   047E 88                 1195 	.db #0x88	; 136
   047F 00                 1196 	.db #0x00	; 0
   0480 00                 1197 	.db #0x00	; 0
   0481 00                 1198 	.db #0x00	; 0
   0482 44                 1199 	.db #0x44	; 68	'D'
   0483 30                 1200 	.db #0x30	; 48	'0'
   0484 64                 1201 	.db #0x64	; 100	'd'
   0485 30                 1202 	.db #0x30	; 48	'0'
   0486 CC                 1203 	.db #0xcc	; 204
   0487 CC                 1204 	.db #0xcc	; 204
   0488 DC                 1205 	.db #0xdc	; 220
   0489 FC                 1206 	.db #0xfc	; 252
   048A CC                 1207 	.db #0xcc	; 204
   048B 64                 1208 	.db #0x64	; 100	'd'
   048C 30                 1209 	.db #0x30	; 48	'0'
   048D 64                 1210 	.db #0x64	; 100	'd'
   048E 98                 1211 	.db #0x98	; 152
   048F CC                 1212 	.db #0xcc	; 204
   0490 00                 1213 	.db #0x00	; 0
   0491 00                 1214 	.db #0x00	; 0
   0492 00                 1215 	.db #0x00	; 0
   0493 00                 1216 	.db #0x00	; 0
   0494 00                 1217 	.db #0x00	; 0
   0495 CC                 1218 	.db #0xcc	; 204
   0496 64                 1219 	.db #0x64	; 100	'd'
   0497 98                 1220 	.db #0x98	; 152
   0498 30                 1221 	.db #0x30	; 48	'0'
   0499 30                 1222 	.db #0x30	; 48	'0'
   049A 64                 1223 	.db #0x64	; 100	'd'
   049B EC                 1224 	.db #0xec	; 236
   049C CC                 1225 	.db #0xcc	; 204
   049D CC                 1226 	.db #0xcc	; 204
   049E 30                 1227 	.db #0x30	; 48	'0'
   049F CC                 1228 	.db #0xcc	; 204
   04A0 64                 1229 	.db #0x64	; 100	'd'
   04A1 88                 1230 	.db #0x88	; 136
   04A2 00                 1231 	.db #0x00	; 0
   04A3 00                 1232 	.db #0x00	; 0
   04A4 00                 1233 	.db #0x00	; 0
   04A5 00                 1234 	.db #0x00	; 0
   04A6 00                 1235 	.db #0x00	; 0
   04A7 CC                 1236 	.db #0xcc	; 204
   04A8 98                 1237 	.db #0x98	; 152
   04A9 98                 1238 	.db #0x98	; 152
   04AA CC                 1239 	.db #0xcc	; 204
   04AB 30                 1240 	.db #0x30	; 48	'0'
   04AC 64                 1241 	.db #0x64	; 100	'd'
   04AD CC                 1242 	.db #0xcc	; 204
   04AE CC                 1243 	.db #0xcc	; 204
   04AF 30                 1244 	.db #0x30	; 48	'0'
   04B0 CC                 1245 	.db #0xcc	; 204
   04B1 98                 1246 	.db #0x98	; 152
   04B2 64                 1247 	.db #0x64	; 100	'd'
   04B3 88                 1248 	.db #0x88	; 136
   04B4 00                 1249 	.db #0x00	; 0
   04B5 00                 1250 	.db #0x00	; 0
   04B6 00                 1251 	.db #0x00	; 0
   04B7 00                 1252 	.db #0x00	; 0
   04B8 00                 1253 	.db #0x00	; 0
   04B9 00                 1254 	.db #0x00	; 0
   04BA CC                 1255 	.db #0xcc	; 204
   04BB CC                 1256 	.db #0xcc	; 204
   04BC 64                 1257 	.db #0x64	; 100	'd'
   04BD 64                 1258 	.db #0x64	; 100	'd'
   04BE 64                 1259 	.db #0x64	; 100	'd'
   04BF 64                 1260 	.db #0x64	; 100	'd'
   04C0 98                 1261 	.db #0x98	; 152
   04C1 64                 1262 	.db #0x64	; 100	'd'
   04C2 CC                 1263 	.db #0xcc	; 204
   04C3 30                 1264 	.db #0x30	; 48	'0'
   04C4 CC                 1265 	.db #0xcc	; 204
   04C5 00                 1266 	.db #0x00	; 0
   04C6 00                 1267 	.db #0x00	; 0
   04C7 00                 1268 	.db #0x00	; 0
   04C8 00                 1269 	.db #0x00	; 0
   04C9 00                 1270 	.db #0x00	; 0
   04CA 00                 1271 	.db #0x00	; 0
   04CB 00                 1272 	.db #0x00	; 0
   04CC CC                 1273 	.db #0xcc	; 204
   04CD 64                 1274 	.db #0x64	; 100	'd'
   04CE 30                 1275 	.db #0x30	; 48	'0'
   04CF CC                 1276 	.db #0xcc	; 204
   04D0 CC                 1277 	.db #0xcc	; 204
   04D1 CC                 1278 	.db #0xcc	; 204
   04D2 30                 1279 	.db #0x30	; 48	'0'
   04D3 CC                 1280 	.db #0xcc	; 204
   04D4 30                 1281 	.db #0x30	; 48	'0'
   04D5 CC                 1282 	.db #0xcc	; 204
   04D6 88                 1283 	.db #0x88	; 136
   04D7 00                 1284 	.db #0x00	; 0
   04D8 00                 1285 	.db #0x00	; 0
   04D9 00                 1286 	.db #0x00	; 0
   04DA 00                 1287 	.db #0x00	; 0
   04DB 00                 1288 	.db #0x00	; 0
   04DC 00                 1289 	.db #0x00	; 0
   04DD 00                 1290 	.db #0x00	; 0
   04DE 44                 1291 	.db #0x44	; 68	'D'
   04DF 30                 1292 	.db #0x30	; 48	'0'
   04E0 98                 1293 	.db #0x98	; 152
   04E1 30                 1294 	.db #0x30	; 48	'0'
   04E2 30                 1295 	.db #0x30	; 48	'0'
   04E3 30                 1296 	.db #0x30	; 48	'0'
   04E4 64                 1297 	.db #0x64	; 100	'd'
   04E5 CC                 1298 	.db #0xcc	; 204
   04E6 64                 1299 	.db #0x64	; 100	'd'
   04E7 CC                 1300 	.db #0xcc	; 204
   04E8 00                 1301 	.db #0x00	; 0
   04E9 00                 1302 	.db #0x00	; 0
   04EA 00                 1303 	.db #0x00	; 0
   04EB 00                 1304 	.db #0x00	; 0
   04EC 00                 1305 	.db #0x00	; 0
   04ED 00                 1306 	.db #0x00	; 0
   04EE 00                 1307 	.db #0x00	; 0
   04EF 00                 1308 	.db #0x00	; 0
   04F0 00                 1309 	.db #0x00	; 0
   04F1 98                 1310 	.db #0x98	; 152
   04F2 64                 1311 	.db #0x64	; 100	'd'
   04F3 CC                 1312 	.db #0xcc	; 204
   04F4 30                 1313 	.db #0x30	; 48	'0'
   04F5 64                 1314 	.db #0x64	; 100	'd'
   04F6 CC                 1315 	.db #0xcc	; 204
   04F7 CC                 1316 	.db #0xcc	; 204
   04F8 CC                 1317 	.db #0xcc	; 204
   04F9 88                 1318 	.db #0x88	; 136
   04FA 00                 1319 	.db #0x00	; 0
   04FB 00                 1320 	.db #0x00	; 0
   04FC 00                 1321 	.db #0x00	; 0
   04FD 00                 1322 	.db #0x00	; 0
   04FE 00                 1323 	.db #0x00	; 0
   04FF 00                 1324 	.db #0x00	; 0
   0500 00                 1325 	.db #0x00	; 0
   0501 00                 1326 	.db #0x00	; 0
   0502 00                 1327 	.db #0x00	; 0
   0503 44                 1328 	.db #0x44	; 68	'D'
   0504 30                 1329 	.db #0x30	; 48	'0'
   0505 CC                 1330 	.db #0xcc	; 204
   0506 CC                 1331 	.db #0xcc	; 204
   0507 CC                 1332 	.db #0xcc	; 204
   0508 30                 1333 	.db #0x30	; 48	'0'
   0509 64                 1334 	.db #0x64	; 100	'd'
   050A 88                 1335 	.db #0x88	; 136
   050B 00                 1336 	.db #0x00	; 0
   050C 00                 1337 	.db #0x00	; 0
   050D 00                 1338 	.db #0x00	; 0
   050E 00                 1339 	.db #0x00	; 0
   050F 00                 1340 	.db #0x00	; 0
   0510 00                 1341 	.db #0x00	; 0
   0511 00                 1342 	.db #0x00	; 0
   0512 00                 1343 	.db #0x00	; 0
   0513 00                 1344 	.db #0x00	; 0
   0514 00                 1345 	.db #0x00	; 0
   0515 00                 1346 	.db #0x00	; 0
   0516 CC                 1347 	.db #0xcc	; 204
   0517 98                 1348 	.db #0x98	; 152
   0518 64                 1349 	.db #0x64	; 100	'd'
   0519 98                 1350 	.db #0x98	; 152
   051A 64                 1351 	.db #0x64	; 100	'd'
   051B 88                 1352 	.db #0x88	; 136
   051C 00                 1353 	.db #0x00	; 0
   051D 00                 1354 	.db #0x00	; 0
   051E 00                 1355 	.db #0x00	; 0
   051F 00                 1356 	.db #0x00	; 0
   0520 00                 1357 	.db #0x00	; 0
   0521 00                 1358 	.db #0x00	; 0
   0522 00                 1359 	.db #0x00	; 0
   0523 00                 1360 	.db #0x00	; 0
   0524 00                 1361 	.db #0x00	; 0
   0525 00                 1362 	.db #0x00	; 0
   0526 00                 1363 	.db #0x00	; 0
   0527 00                 1364 	.db #0x00	; 0
   0528 44                 1365 	.db #0x44	; 68	'D'
   0529 CC                 1366 	.db #0xcc	; 204
   052A CC                 1367 	.db #0xcc	; 204
   052B CC                 1368 	.db #0xcc	; 204
   052C CC                 1369 	.db #0xcc	; 204
   052D 00                 1370 	.db #0x00	; 0
   052E 00                 1371 	.db #0x00	; 0
   052F 00                 1372 	.db #0x00	; 0
   0530 00                 1373 	.db #0x00	; 0
   0531 00                 1374 	.db #0x00	; 0
   0532 00                 1375 	.db #0x00	; 0
   0533 00                 1376 	.db #0x00	; 0
                           1377 	.area _INITIALIZER
                           1378 	.area _CABS (ABS)
