                              1 ;--------------------------------------------------------
                              2 ; File Created by SDCC : free open source ANSI-C Compiler
                              3 ; Version 3.6.8 #9946 (Linux)
                              4 ;--------------------------------------------------------
                              5 	.module big_numbers
                              6 	.optsdcc -mz80
                              7 	
                              8 ;--------------------------------------------------------
                              9 ; Public variables in this module
                             10 ;--------------------------------------------------------
                             11 	.globl _s_big_numbers_09
                             12 	.globl _s_big_numbers_08
                             13 	.globl _s_big_numbers_07
                             14 	.globl _s_big_numbers_06
                             15 	.globl _s_big_numbers_05
                             16 	.globl _s_big_numbers_04
                             17 	.globl _s_big_numbers_03
                             18 	.globl _s_big_numbers_02
                             19 	.globl _s_big_numbers_01
                             20 	.globl _s_big_numbers_00
                             21 ;--------------------------------------------------------
                             22 ; special function registers
                             23 ;--------------------------------------------------------
                             24 ;--------------------------------------------------------
                             25 ; ram data
                             26 ;--------------------------------------------------------
                             27 	.area _DATA
                             28 ;--------------------------------------------------------
                             29 ; ram data
                             30 ;--------------------------------------------------------
                             31 	.area _INITIALIZED
                             32 ;--------------------------------------------------------
                             33 ; absolute external ram data
                             34 ;--------------------------------------------------------
                             35 	.area _DABS (ABS)
                             36 ;--------------------------------------------------------
                             37 ; global & static initialisations
                             38 ;--------------------------------------------------------
                             39 	.area _HOME
                             40 	.area _GSINIT
                             41 	.area _GSFINAL
                             42 	.area _GSINIT
                             43 ;--------------------------------------------------------
                             44 ; Home
                             45 ;--------------------------------------------------------
                             46 	.area _HOME
                             47 	.area _HOME
                             48 ;--------------------------------------------------------
                             49 ; code
                             50 ;--------------------------------------------------------
                             51 	.area _CODE
                             52 	.area _CODE
   0000                      53 _s_big_numbers_00:
   0000 F3                   54 	.db #0xf3	; 243
   0001 F3                   55 	.db #0xf3	; 243
   0002 A2                   56 	.db #0xa2	; 162
   0003 F7                   57 	.db #0xf7	; 247
   0004 FF                   58 	.db #0xff	; 255
   0005 B7                   59 	.db #0xb7	; 183
   0006 FF                   60 	.db #0xff	; 255
   0007 55                   61 	.db #0x55	; 85	'U'
   0008 BF                   62 	.db #0xbf	; 191
   0009 FF                   63 	.db #0xff	; 255
   000A 55                   64 	.db #0x55	; 85	'U'
   000B BF                   65 	.db #0xbf	; 191
   000C FF                   66 	.db #0xff	; 255
   000D 55                   67 	.db #0x55	; 85	'U'
   000E BF                   68 	.db #0xbf	; 191
   000F F7                   69 	.db #0xf7	; 247
   0010 55                   70 	.db #0x55	; 85	'U'
   0011 B7                   71 	.db #0xb7	; 183
   0012 FF                   72 	.db #0xff	; 255
   0013 55                   73 	.db #0x55	; 85	'U'
   0014 B7                   74 	.db #0xb7	; 183
   0015 FF                   75 	.db #0xff	; 255
   0016 55                   76 	.db #0x55	; 85	'U'
   0017 B7                   77 	.db #0xb7	; 183
   0018 F7                   78 	.db #0xf7	; 247
   0019 55                   79 	.db #0x55	; 85	'U'
   001A BF                   80 	.db #0xbf	; 191
   001B FF                   81 	.db #0xff	; 255
   001C 55                   82 	.db #0x55	; 85	'U'
   001D BF                   83 	.db #0xbf	; 191
   001E F7                   84 	.db #0xf7	; 247
   001F FF                   85 	.db #0xff	; 255
   0020 BF                   86 	.db #0xbf	; 191
   0021 FF                   87 	.db #0xff	; 255
   0022 FF                   88 	.db #0xff	; 255
   0023 B7                   89 	.db #0xb7	; 183
   0024 15                   90 	.db #0x15	; 21
   0025 3F                   91 	.db #0x3f	; 63
   0026 3F                   92 	.db #0x3f	; 63
   0027                      93 _s_big_numbers_01:
   0027 00                   94 	.db #0x00	; 0
   0028 55                   95 	.db #0x55	; 85	'U'
   0029 A2                   96 	.db #0xa2	; 162
   002A 00                   97 	.db #0x00	; 0
   002B 55                   98 	.db #0x55	; 85	'U'
   002C BF                   99 	.db #0xbf	; 191
   002D 00                  100 	.db #0x00	; 0
   002E 55                  101 	.db #0x55	; 85	'U'
   002F BF                  102 	.db #0xbf	; 191
   0030 00                  103 	.db #0x00	; 0
   0031 55                  104 	.db #0x55	; 85	'U'
   0032 BF                  105 	.db #0xbf	; 191
   0033 00                  106 	.db #0x00	; 0
   0034 55                  107 	.db #0x55	; 85	'U'
   0035 BF                  108 	.db #0xbf	; 191
   0036 00                  109 	.db #0x00	; 0
   0037 51                  110 	.db #0x51	; 81	'Q'
   0038 BF                  111 	.db #0xbf	; 191
   0039 00                  112 	.db #0x00	; 0
   003A 51                  113 	.db #0x51	; 81	'Q'
   003B BF                  114 	.db #0xbf	; 191
   003C 00                  115 	.db #0x00	; 0
   003D 55                  116 	.db #0x55	; 85	'U'
   003E BF                  117 	.db #0xbf	; 191
   003F 00                  118 	.db #0x00	; 0
   0040 51                  119 	.db #0x51	; 81	'Q'
   0041 BF                  120 	.db #0xbf	; 191
   0042 00                  121 	.db #0x00	; 0
   0043 55                  122 	.db #0x55	; 85	'U'
   0044 BF                  123 	.db #0xbf	; 191
   0045 00                  124 	.db #0x00	; 0
   0046 55                  125 	.db #0x55	; 85	'U'
   0047 BF                  126 	.db #0xbf	; 191
   0048 00                  127 	.db #0x00	; 0
   0049 55                  128 	.db #0x55	; 85	'U'
   004A BF                  129 	.db #0xbf	; 191
   004B 00                  130 	.db #0x00	; 0
   004C 00                  131 	.db #0x00	; 0
   004D 3F                  132 	.db #0x3f	; 63
   004E                     133 _s_big_numbers_02:
   004E FB                  134 	.db #0xfb	; 251
   004F F3                  135 	.db #0xf3	; 243
   0050 A2                  136 	.db #0xa2	; 162
   0051 FF                  137 	.db #0xff	; 255
   0052 FF                  138 	.db #0xff	; 255
   0053 B7                  139 	.db #0xb7	; 183
   0054 00                  140 	.db #0x00	; 0
   0055 55                  141 	.db #0x55	; 85	'U'
   0056 BF                  142 	.db #0xbf	; 191
   0057 00                  143 	.db #0x00	; 0
   0058 55                  144 	.db #0x55	; 85	'U'
   0059 BF                  145 	.db #0xbf	; 191
   005A 00                  146 	.db #0x00	; 0
   005B 55                  147 	.db #0x55	; 85	'U'
   005C BF                  148 	.db #0xbf	; 191
   005D FF                  149 	.db #0xff	; 255
   005E FF                  150 	.db #0xff	; 255
   005F BF                  151 	.db #0xbf	; 191
   0060 FF                  152 	.db #0xff	; 255
   0061 FF                  153 	.db #0xff	; 255
   0062 BF                  154 	.db #0xbf	; 191
   0063 F7                  155 	.db #0xf7	; 247
   0064 3F                  156 	.db #0x3f	; 63
   0065 3F                  157 	.db #0x3f	; 63
   0066 FF                  158 	.db #0xff	; 255
   0067 2A                  159 	.db #0x2a	; 42
   0068 00                  160 	.db #0x00	; 0
   0069 F7                  161 	.db #0xf7	; 247
   006A 2A                  162 	.db #0x2a	; 42
   006B 00                  163 	.db #0x00	; 0
   006C FF                  164 	.db #0xff	; 255
   006D FF                  165 	.db #0xff	; 255
   006E AA                  166 	.db #0xaa	; 170
   006F FF                  167 	.db #0xff	; 255
   0070 FF                  168 	.db #0xff	; 255
   0071 B7                  169 	.db #0xb7	; 183
   0072 15                  170 	.db #0x15	; 21
   0073 3F                  171 	.db #0x3f	; 63
   0074 3F                  172 	.db #0x3f	; 63
   0075                     173 _s_big_numbers_03:
   0075 FB                  174 	.db #0xfb	; 251
   0076 F3                  175 	.db #0xf3	; 243
   0077 A2                  176 	.db #0xa2	; 162
   0078 FF                  177 	.db #0xff	; 255
   0079 FF                  178 	.db #0xff	; 255
   007A B7                  179 	.db #0xb7	; 183
   007B 15                  180 	.db #0x15	; 21
   007C 3F                  181 	.db #0x3f	; 63
   007D BF                  182 	.db #0xbf	; 191
   007E 00                  183 	.db #0x00	; 0
   007F 00                  184 	.db #0x00	; 0
   0080 BF                  185 	.db #0xbf	; 191
   0081 00                  186 	.db #0x00	; 0
   0082 00                  187 	.db #0x00	; 0
   0083 BF                  188 	.db #0xbf	; 191
   0084 FF                  189 	.db #0xff	; 255
   0085 FF                  190 	.db #0xff	; 255
   0086 BF                  191 	.db #0xbf	; 191
   0087 FF                  192 	.db #0xff	; 255
   0088 FF                  193 	.db #0xff	; 255
   0089 BF                  194 	.db #0xbf	; 191
   008A 15                  195 	.db #0x15	; 21
   008B 3F                  196 	.db #0x3f	; 63
   008C BF                  197 	.db #0xbf	; 191
   008D 00                  198 	.db #0x00	; 0
   008E 00                  199 	.db #0x00	; 0
   008F BF                  200 	.db #0xbf	; 191
   0090 00                  201 	.db #0x00	; 0
   0091 00                  202 	.db #0x00	; 0
   0092 BF                  203 	.db #0xbf	; 191
   0093 FF                  204 	.db #0xff	; 255
   0094 FF                  205 	.db #0xff	; 255
   0095 BF                  206 	.db #0xbf	; 191
   0096 FF                  207 	.db #0xff	; 255
   0097 FF                  208 	.db #0xff	; 255
   0098 B7                  209 	.db #0xb7	; 183
   0099 15                  210 	.db #0x15	; 21
   009A 3F                  211 	.db #0x3f	; 63
   009B 3F                  212 	.db #0x3f	; 63
   009C                     213 _s_big_numbers_04:
   009C F3                  214 	.db #0xf3	; 243
   009D 51                  215 	.db #0x51	; 81	'Q'
   009E AA                  216 	.db #0xaa	; 170
   009F F7                  217 	.db #0xf7	; 247
   00A0 7F                  218 	.db #0x7f	; 127
   00A1 BF                  219 	.db #0xbf	; 191
   00A2 FF                  220 	.db #0xff	; 255
   00A3 7F                  221 	.db #0x7f	; 127
   00A4 BF                  222 	.db #0xbf	; 191
   00A5 FF                  223 	.db #0xff	; 255
   00A6 7F                  224 	.db #0x7f	; 127
   00A7 BF                  225 	.db #0xbf	; 191
   00A8 FF                  226 	.db #0xff	; 255
   00A9 7F                  227 	.db #0x7f	; 127
   00AA B7                  228 	.db #0xb7	; 183
   00AB FF                  229 	.db #0xff	; 255
   00AC FF                  230 	.db #0xff	; 255
   00AD BF                  231 	.db #0xbf	; 191
   00AE FF                  232 	.db #0xff	; 255
   00AF FF                  233 	.db #0xff	; 255
   00B0 B7                  234 	.db #0xb7	; 183
   00B1 00                  235 	.db #0x00	; 0
   00B2 55                  236 	.db #0x55	; 85	'U'
   00B3 BF                  237 	.db #0xbf	; 191
   00B4 00                  238 	.db #0x00	; 0
   00B5 55                  239 	.db #0x55	; 85	'U'
   00B6 BF                  240 	.db #0xbf	; 191
   00B7 00                  241 	.db #0x00	; 0
   00B8 55                  242 	.db #0x55	; 85	'U'
   00B9 BF                  243 	.db #0xbf	; 191
   00BA 00                  244 	.db #0x00	; 0
   00BB 55                  245 	.db #0x55	; 85	'U'
   00BC BF                  246 	.db #0xbf	; 191
   00BD 00                  247 	.db #0x00	; 0
   00BE 55                  248 	.db #0x55	; 85	'U'
   00BF B7                  249 	.db #0xb7	; 183
   00C0 00                  250 	.db #0x00	; 0
   00C1 00                  251 	.db #0x00	; 0
   00C2 3F                  252 	.db #0x3f	; 63
   00C3                     253 _s_big_numbers_05:
   00C3 F3                  254 	.db #0xf3	; 243
   00C4 F3                  255 	.db #0xf3	; 243
   00C5 AA                  256 	.db #0xaa	; 170
   00C6 F7                  257 	.db #0xf7	; 247
   00C7 FF                  258 	.db #0xff	; 255
   00C8 BF                  259 	.db #0xbf	; 191
   00C9 FF                  260 	.db #0xff	; 255
   00CA 3F                  261 	.db #0x3f	; 63
   00CB 3F                  262 	.db #0x3f	; 63
   00CC FF                  263 	.db #0xff	; 255
   00CD 2A                  264 	.db #0x2a	; 42
   00CE 00                  265 	.db #0x00	; 0
   00CF FF                  266 	.db #0xff	; 255
   00D0 2A                  267 	.db #0x2a	; 42
   00D1 00                  268 	.db #0x00	; 0
   00D2 FF                  269 	.db #0xff	; 255
   00D3 FF                  270 	.db #0xff	; 255
   00D4 AA                  271 	.db #0xaa	; 170
   00D5 FF                  272 	.db #0xff	; 255
   00D6 FF                  273 	.db #0xff	; 255
   00D7 B7                  274 	.db #0xb7	; 183
   00D8 00                  275 	.db #0x00	; 0
   00D9 55                  276 	.db #0x55	; 85	'U'
   00DA BF                  277 	.db #0xbf	; 191
   00DB 00                  278 	.db #0x00	; 0
   00DC 55                  279 	.db #0x55	; 85	'U'
   00DD B7                  280 	.db #0xb7	; 183
   00DE 00                  281 	.db #0x00	; 0
   00DF 55                  282 	.db #0x55	; 85	'U'
   00E0 BF                  283 	.db #0xbf	; 191
   00E1 FF                  284 	.db #0xff	; 255
   00E2 FF                  285 	.db #0xff	; 255
   00E3 BF                  286 	.db #0xbf	; 191
   00E4 FF                  287 	.db #0xff	; 255
   00E5 FF                  288 	.db #0xff	; 255
   00E6 B7                  289 	.db #0xb7	; 183
   00E7 15                  290 	.db #0x15	; 21
   00E8 3F                  291 	.db #0x3f	; 63
   00E9 3F                  292 	.db #0x3f	; 63
   00EA                     293 _s_big_numbers_06:
   00EA F3                  294 	.db #0xf3	; 243
   00EB F3                  295 	.db #0xf3	; 243
   00EC AA                  296 	.db #0xaa	; 170
   00ED F7                  297 	.db #0xf7	; 247
   00EE FF                  298 	.db #0xff	; 255
   00EF BF                  299 	.db #0xbf	; 191
   00F0 FF                  300 	.db #0xff	; 255
   00F1 3F                  301 	.db #0x3f	; 63
   00F2 3F                  302 	.db #0x3f	; 63
   00F3 FF                  303 	.db #0xff	; 255
   00F4 2A                  304 	.db #0x2a	; 42
   00F5 00                  305 	.db #0x00	; 0
   00F6 FF                  306 	.db #0xff	; 255
   00F7 FF                  307 	.db #0xff	; 255
   00F8 AA                  308 	.db #0xaa	; 170
   00F9 FF                  309 	.db #0xff	; 255
   00FA FF                  310 	.db #0xff	; 255
   00FB BF                  311 	.db #0xbf	; 191
   00FC F7                  312 	.db #0xf7	; 247
   00FD 55                  313 	.db #0x55	; 85	'U'
   00FE BF                  314 	.db #0xbf	; 191
   00FF FF                  315 	.db #0xff	; 255
   0100 55                  316 	.db #0x55	; 85	'U'
   0101 BF                  317 	.db #0xbf	; 191
   0102 F7                  318 	.db #0xf7	; 247
   0103 55                  319 	.db #0x55	; 85	'U'
   0104 BF                  320 	.db #0xbf	; 191
   0105 FF                  321 	.db #0xff	; 255
   0106 55                  322 	.db #0x55	; 85	'U'
   0107 BF                  323 	.db #0xbf	; 191
   0108 FF                  324 	.db #0xff	; 255
   0109 FF                  325 	.db #0xff	; 255
   010A BF                  326 	.db #0xbf	; 191
   010B FF                  327 	.db #0xff	; 255
   010C FF                  328 	.db #0xff	; 255
   010D B7                  329 	.db #0xb7	; 183
   010E 15                  330 	.db #0x15	; 21
   010F 3F                  331 	.db #0x3f	; 63
   0110 3F                  332 	.db #0x3f	; 63
   0111                     333 _s_big_numbers_07:
   0111 FB                  334 	.db #0xfb	; 251
   0112 F3                  335 	.db #0xf3	; 243
   0113 A2                  336 	.db #0xa2	; 162
   0114 FF                  337 	.db #0xff	; 255
   0115 FF                  338 	.db #0xff	; 255
   0116 A2                  339 	.db #0xa2	; 162
   0117 00                  340 	.db #0x00	; 0
   0118 55                  341 	.db #0x55	; 85	'U'
   0119 BF                  342 	.db #0xbf	; 191
   011A 00                  343 	.db #0x00	; 0
   011B 55                  344 	.db #0x55	; 85	'U'
   011C BF                  345 	.db #0xbf	; 191
   011D 00                  346 	.db #0x00	; 0
   011E 55                  347 	.db #0x55	; 85	'U'
   011F BF                  348 	.db #0xbf	; 191
   0120 00                  349 	.db #0x00	; 0
   0121 55                  350 	.db #0x55	; 85	'U'
   0122 BF                  351 	.db #0xbf	; 191
   0123 00                  352 	.db #0x00	; 0
   0124 51                  353 	.db #0x51	; 81	'Q'
   0125 BF                  354 	.db #0xbf	; 191
   0126 00                  355 	.db #0x00	; 0
   0127 55                  356 	.db #0x55	; 85	'U'
   0128 BF                  357 	.db #0xbf	; 191
   0129 00                  358 	.db #0x00	; 0
   012A 51                  359 	.db #0x51	; 81	'Q'
   012B BF                  360 	.db #0xbf	; 191
   012C 00                  361 	.db #0x00	; 0
   012D 55                  362 	.db #0x55	; 85	'U'
   012E BF                  363 	.db #0xbf	; 191
   012F 00                  364 	.db #0x00	; 0
   0130 55                  365 	.db #0x55	; 85	'U'
   0131 BF                  366 	.db #0xbf	; 191
   0132 00                  367 	.db #0x00	; 0
   0133 55                  368 	.db #0x55	; 85	'U'
   0134 B7                  369 	.db #0xb7	; 183
   0135 00                  370 	.db #0x00	; 0
   0136 00                  371 	.db #0x00	; 0
   0137 3F                  372 	.db #0x3f	; 63
   0138                     373 _s_big_numbers_08:
   0138 FB                  374 	.db #0xfb	; 251
   0139 F3                  375 	.db #0xf3	; 243
   013A A2                  376 	.db #0xa2	; 162
   013B FF                  377 	.db #0xff	; 255
   013C FF                  378 	.db #0xff	; 255
   013D B7                  379 	.db #0xb7	; 183
   013E F7                  380 	.db #0xf7	; 247
   013F 55                  381 	.db #0x55	; 85	'U'
   0140 BF                  382 	.db #0xbf	; 191
   0141 FF                  383 	.db #0xff	; 255
   0142 55                  384 	.db #0x55	; 85	'U'
   0143 BF                  385 	.db #0xbf	; 191
   0144 FF                  386 	.db #0xff	; 255
   0145 FF                  387 	.db #0xff	; 255
   0146 BF                  388 	.db #0xbf	; 191
   0147 55                  389 	.db #0x55	; 85	'U'
   0148 FF                  390 	.db #0xff	; 255
   0149 3F                  391 	.db #0x3f	; 63
   014A 55                  392 	.db #0x55	; 85	'U'
   014B FF                  393 	.db #0xff	; 255
   014C 2A                  394 	.db #0x2a	; 42
   014D FF                  395 	.db #0xff	; 255
   014E 55                  396 	.db #0x55	; 85	'U'
   014F BF                  397 	.db #0xbf	; 191
   0150 FF                  398 	.db #0xff	; 255
   0151 55                  399 	.db #0x55	; 85	'U'
   0152 BF                  400 	.db #0xbf	; 191
   0153 F7                  401 	.db #0xf7	; 247
   0154 55                  402 	.db #0x55	; 85	'U'
   0155 BF                  403 	.db #0xbf	; 191
   0156 FF                  404 	.db #0xff	; 255
   0157 FF                  405 	.db #0xff	; 255
   0158 BF                  406 	.db #0xbf	; 191
   0159 FF                  407 	.db #0xff	; 255
   015A FF                  408 	.db #0xff	; 255
   015B B7                  409 	.db #0xb7	; 183
   015C 15                  410 	.db #0x15	; 21
   015D 3F                  411 	.db #0x3f	; 63
   015E 3F                  412 	.db #0x3f	; 63
   015F                     413 _s_big_numbers_09:
   015F FB                  414 	.db #0xfb	; 251
   0160 F3                  415 	.db #0xf3	; 243
   0161 A2                  416 	.db #0xa2	; 162
   0162 FF                  417 	.db #0xff	; 255
   0163 FF                  418 	.db #0xff	; 255
   0164 B7                  419 	.db #0xb7	; 183
   0165 FF                  420 	.db #0xff	; 255
   0166 55                  421 	.db #0x55	; 85	'U'
   0167 BF                  422 	.db #0xbf	; 191
   0168 FF                  423 	.db #0xff	; 255
   0169 55                  424 	.db #0x55	; 85	'U'
   016A BF                  425 	.db #0xbf	; 191
   016B FF                  426 	.db #0xff	; 255
   016C FF                  427 	.db #0xff	; 255
   016D B7                  428 	.db #0xb7	; 183
   016E 00                  429 	.db #0x00	; 0
   016F 55                  430 	.db #0x55	; 85	'U'
   0170 BF                  431 	.db #0xbf	; 191
   0171 00                  432 	.db #0x00	; 0
   0172 55                  433 	.db #0x55	; 85	'U'
   0173 B7                  434 	.db #0xb7	; 183
   0174 00                  435 	.db #0x00	; 0
   0175 55                  436 	.db #0x55	; 85	'U'
   0176 BF                  437 	.db #0xbf	; 191
   0177 00                  438 	.db #0x00	; 0
   0178 55                  439 	.db #0x55	; 85	'U'
   0179 BF                  440 	.db #0xbf	; 191
   017A 00                  441 	.db #0x00	; 0
   017B 55                  442 	.db #0x55	; 85	'U'
   017C BF                  443 	.db #0xbf	; 191
   017D 00                  444 	.db #0x00	; 0
   017E 55                  445 	.db #0x55	; 85	'U'
   017F BF                  446 	.db #0xbf	; 191
   0180 00                  447 	.db #0x00	; 0
   0181 55                  448 	.db #0x55	; 85	'U'
   0182 B7                  449 	.db #0xb7	; 183
   0183 00                  450 	.db #0x00	; 0
   0184 00                  451 	.db #0x00	; 0
   0185 3F                  452 	.db #0x3f	; 63
                            453 	.area _INITIALIZER
                            454 	.area _CABS (ABS)
