                              1 ;--------------------------------------------------------
                              2 ; File Created by SDCC : free open source ANSI-C Compiler
                              3 ; Version 3.6.8 #9946 (Linux)
                              4 ;--------------------------------------------------------
                              5 	.module cat
                              6 	.optsdcc -mz80
                              7 	
                              8 ;--------------------------------------------------------
                              9 ; Public variables in this module
                             10 ;--------------------------------------------------------
                             11 	.globl _s_cat_1
                             12 	.globl _s_cat_0
                             13 ;--------------------------------------------------------
                             14 ; special function registers
                             15 ;--------------------------------------------------------
                             16 ;--------------------------------------------------------
                             17 ; ram data
                             18 ;--------------------------------------------------------
                             19 	.area _DATA
                             20 ;--------------------------------------------------------
                             21 ; ram data
                             22 ;--------------------------------------------------------
                             23 	.area _INITIALIZED
                             24 ;--------------------------------------------------------
                             25 ; absolute external ram data
                             26 ;--------------------------------------------------------
                             27 	.area _DABS (ABS)
                             28 ;--------------------------------------------------------
                             29 ; global & static initialisations
                             30 ;--------------------------------------------------------
                             31 	.area _HOME
                             32 	.area _GSINIT
                             33 	.area _GSFINAL
                             34 	.area _GSINIT
                             35 ;--------------------------------------------------------
                             36 ; Home
                             37 ;--------------------------------------------------------
                             38 	.area _HOME
                             39 	.area _HOME
                             40 ;--------------------------------------------------------
                             41 ; code
                             42 ;--------------------------------------------------------
                             43 	.area _CODE
                             44 	.area _CODE
   0000                      45 _s_cat_0:
   0000 50                   46 	.db #0x50	; 80	'P'
   0001 88                   47 	.db #0x88	; 136
   0002 00                   48 	.db #0x00	; 0
   0003 E4                   49 	.db #0xe4	; 228
   0004 2A                   50 	.db #0x2a	; 42
   0005 50                   51 	.db #0x50	; 80	'P'
   0006 A0                   52 	.db #0xa0	; 160
   0007 00                   53 	.db #0x00	; 0
   0008 F0                   54 	.db #0xf0	; 240
   0009 2A                   55 	.db #0x2a	; 42
   000A 50                   56 	.db #0x50	; 80	'P'
   000B D8                   57 	.db #0xd8	; 216
   000C F0                   58 	.db #0xf0	; 240
   000D D8                   59 	.db #0xd8	; 216
   000E 2A                   60 	.db #0x2a	; 42
   000F 50                   61 	.db #0x50	; 80	'P'
   0010 F0                   62 	.db #0xf0	; 240
   0011 F0                   63 	.db #0xf0	; 240
   0012 F0                   64 	.db #0xf0	; 240
   0013 9D                   65 	.db #0x9d	; 157
   0014 50                   66 	.db #0x50	; 80	'P'
   0015 E4                   67 	.db #0xe4	; 228
   0016 F0                   68 	.db #0xf0	; 240
   0017 D8                   69 	.db #0xd8	; 216
   0018 B5                   70 	.db #0xb5	; 181
   0019 50                   71 	.db #0x50	; 80	'P'
   001A F5                   72 	.db #0xf5	; 245
   001B F0                   73 	.db #0xf0	; 240
   001C FA                   74 	.db #0xfa	; 250
   001D B5                   75 	.db #0xb5	; 181
   001E 50                   76 	.db #0x50	; 80	'P'
   001F F0                   77 	.db #0xf0	; 240
   0020 F0                   78 	.db #0xf0	; 240
   0021 F0                   79 	.db #0xf0	; 240
   0022 B5                   80 	.db #0xb5	; 181
   0023 50                   81 	.db #0x50	; 80	'P'
   0024 D8                   82 	.db #0xd8	; 216
   0025 F0                   83 	.db #0xf0	; 240
   0026 E4                   84 	.db #0xe4	; 228
   0027 B5                   85 	.db #0xb5	; 181
   0028 D8                   86 	.db #0xd8	; 216
   0029 E4                   87 	.db #0xe4	; 228
   002A CC                   88 	.db #0xcc	; 204
   002B D8                   89 	.db #0xd8	; 216
   002C B5                   90 	.db #0xb5	; 181
   002D E4                   91 	.db #0xe4	; 228
   002E F0                   92 	.db #0xf0	; 240
   002F F0                   93 	.db #0xf0	; 240
   0030 F0                   94 	.db #0xf0	; 240
   0031 B5                   95 	.db #0xb5	; 181
   0032 E4                   96 	.db #0xe4	; 228
   0033 F0                   97 	.db #0xf0	; 240
   0034 F0                   98 	.db #0xf0	; 240
   0035 D8                   99 	.db #0xd8	; 216
   0036 B5                  100 	.db #0xb5	; 181
   0037 E4                  101 	.db #0xe4	; 228
   0038 CC                  102 	.db #0xcc	; 204
   0039 E4                  103 	.db #0xe4	; 228
   003A F0                  104 	.db #0xf0	; 240
   003B 9D                  105 	.db #0x9d	; 157
   003C F0                  106 	.db #0xf0	; 240
   003D E4                  107 	.db #0xe4	; 228
   003E F0                  108 	.db #0xf0	; 240
   003F F0                  109 	.db #0xf0	; 240
   0040 B5                  110 	.db #0xb5	; 181
   0041 F0                  111 	.db #0xf0	; 240
   0042 F0                  112 	.db #0xf0	; 240
   0043 D8                  113 	.db #0xd8	; 216
   0044 F0                  114 	.db #0xf0	; 240
   0045 9D                  115 	.db #0x9d	; 157
   0046 F0                  116 	.db #0xf0	; 240
   0047 F0                  117 	.db #0xf0	; 240
   0048 D8                  118 	.db #0xd8	; 216
   0049 D8                  119 	.db #0xd8	; 216
   004A B5                  120 	.db #0xb5	; 181
   004B 44                  121 	.db #0x44	; 68	'D'
   004C F0                  122 	.db #0xf0	; 240
   004D F0                  123 	.db #0xf0	; 240
   004E F0                  124 	.db #0xf0	; 240
   004F 9D                  125 	.db #0x9d	; 157
   0050 00                  126 	.db #0x00	; 0
   0051 B5                  127 	.db #0xb5	; 181
   0052 B5                  128 	.db #0xb5	; 181
   0053 B5                  129 	.db #0xb5	; 181
   0054 B5                  130 	.db #0xb5	; 181
   0055                     131 _s_cat_1:
   0055 04                  132 	.db #0x04	; 4
   0056 8A                  133 	.db #0x8a	; 138
   0057 00                  134 	.db #0x00	; 0
   0058 4D                  135 	.db #0x4d	; 77	'M'
   0059 2A                  136 	.db #0x2a	; 42
   005A 04                  137 	.db #0x04	; 4
   005B 08                  138 	.db #0x08	; 8
   005C 00                  139 	.db #0x00	; 0
   005D 0C                  140 	.db #0x0c	; 12
   005E 2A                  141 	.db #0x2a	; 42
   005F 04                  142 	.db #0x04	; 4
   0060 8E                  143 	.db #0x8e	; 142
   0061 0C                  144 	.db #0x0c	; 12
   0062 8E                  145 	.db #0x8e	; 142
   0063 2A                  146 	.db #0x2a	; 42
   0064 04                  147 	.db #0x04	; 4
   0065 0C                  148 	.db #0x0c	; 12
   0066 0C                  149 	.db #0x0c	; 12
   0067 0C                  150 	.db #0x0c	; 12
   0068 9F                  151 	.db #0x9f	; 159
   0069 04                  152 	.db #0x04	; 4
   006A 1D                  153 	.db #0x1d	; 29
   006B 0C                  154 	.db #0x0c	; 12
   006C 2E                  155 	.db #0x2e	; 46
   006D 1D                  156 	.db #0x1d	; 29
   006E 04                  157 	.db #0x04	; 4
   006F 5D                  158 	.db #0x5d	; 93
   0070 0C                  159 	.db #0x0c	; 12
   0071 AE                  160 	.db #0xae	; 174
   0072 1D                  161 	.db #0x1d	; 29
   0073 04                  162 	.db #0x04	; 4
   0074 0C                  163 	.db #0x0c	; 12
   0075 0C                  164 	.db #0x0c	; 12
   0076 0C                  165 	.db #0x0c	; 12
   0077 1D                  166 	.db #0x1d	; 29
   0078 04                  167 	.db #0x04	; 4
   0079 8E                  168 	.db #0x8e	; 142
   007A 0C                  169 	.db #0x0c	; 12
   007B 4D                  170 	.db #0x4d	; 77	'M'
   007C 1D                  171 	.db #0x1d	; 29
   007D 2E                  172 	.db #0x2e	; 46
   007E 4D                  173 	.db #0x4d	; 77	'M'
   007F CF                  174 	.db #0xcf	; 207
   0080 8E                  175 	.db #0x8e	; 142
   0081 1D                  176 	.db #0x1d	; 29
   0082 4D                  177 	.db #0x4d	; 77	'M'
   0083 0C                  178 	.db #0x0c	; 12
   0084 0C                  179 	.db #0x0c	; 12
   0085 0C                  180 	.db #0x0c	; 12
   0086 1D                  181 	.db #0x1d	; 29
   0087 4D                  182 	.db #0x4d	; 77	'M'
   0088 0C                  183 	.db #0x0c	; 12
   0089 0C                  184 	.db #0x0c	; 12
   008A 8E                  185 	.db #0x8e	; 142
   008B 1D                  186 	.db #0x1d	; 29
   008C 4D                  187 	.db #0x4d	; 77	'M'
   008D CF                  188 	.db #0xcf	; 207
   008E 4D                  189 	.db #0x4d	; 77	'M'
   008F 0C                  190 	.db #0x0c	; 12
   0090 9F                  191 	.db #0x9f	; 159
   0091 0C                  192 	.db #0x0c	; 12
   0092 4D                  193 	.db #0x4d	; 77	'M'
   0093 0C                  194 	.db #0x0c	; 12
   0094 0C                  195 	.db #0x0c	; 12
   0095 1D                  196 	.db #0x1d	; 29
   0096 0C                  197 	.db #0x0c	; 12
   0097 0C                  198 	.db #0x0c	; 12
   0098 8E                  199 	.db #0x8e	; 142
   0099 0C                  200 	.db #0x0c	; 12
   009A 9F                  201 	.db #0x9f	; 159
   009B 0C                  202 	.db #0x0c	; 12
   009C 0C                  203 	.db #0x0c	; 12
   009D 8E                  204 	.db #0x8e	; 142
   009E 8E                  205 	.db #0x8e	; 142
   009F 1D                  206 	.db #0x1d	; 29
   00A0 15                  207 	.db #0x15	; 21
   00A1 0C                  208 	.db #0x0c	; 12
   00A2 0C                  209 	.db #0x0c	; 12
   00A3 0C                  210 	.db #0x0c	; 12
   00A4 9F                  211 	.db #0x9f	; 159
   00A5 00                  212 	.db #0x00	; 0
   00A6 1D                  213 	.db #0x1d	; 29
   00A7 1D                  214 	.db #0x1d	; 29
   00A8 1D                  215 	.db #0x1d	; 29
   00A9 1D                  216 	.db #0x1d	; 29
                            217 	.area _INITIALIZER
                            218 	.area _CABS (ABS)
