                              1 ;--------------------------------------------------------
                              2 ; File Created by SDCC : free open source ANSI-C Compiler
                              3 ; Version 3.6.8 #9946 (Linux)
                              4 ;--------------------------------------------------------
                              5 	.module catty
                              6 	.optsdcc -mz80
                              7 	
                              8 ;--------------------------------------------------------
                              9 ; Public variables in this module
                             10 ;--------------------------------------------------------
                             11 	.globl _s_catty_1
                             12 	.globl _s_catty_0
                             13 ;--------------------------------------------------------
                             14 ; special function registers
                             15 ;--------------------------------------------------------
                             16 ;--------------------------------------------------------
                             17 ; ram data
                             18 ;--------------------------------------------------------
                             19 	.area _DATA
                             20 ;--------------------------------------------------------
                             21 ; ram data
                             22 ;--------------------------------------------------------
                             23 	.area _INITIALIZED
                             24 ;--------------------------------------------------------
                             25 ; absolute external ram data
                             26 ;--------------------------------------------------------
                             27 	.area _DABS (ABS)
                             28 ;--------------------------------------------------------
                             29 ; global & static initialisations
                             30 ;--------------------------------------------------------
                             31 	.area _HOME
                             32 	.area _GSINIT
                             33 	.area _GSFINAL
                             34 	.area _GSINIT
                             35 ;--------------------------------------------------------
                             36 ; Home
                             37 ;--------------------------------------------------------
                             38 	.area _HOME
                             39 	.area _HOME
                             40 ;--------------------------------------------------------
                             41 ; code
                             42 ;--------------------------------------------------------
                             43 	.area _CODE
                             44 	.area _CODE
   0000                      45 _s_catty_0:
   0000 00                   46 	.db #0x00	; 0
   0001 00                   47 	.db #0x00	; 0
   0002 00                   48 	.db #0x00	; 0
   0003 00                   49 	.db #0x00	; 0
   0004 00                   50 	.db #0x00	; 0
   0005 00                   51 	.db #0x00	; 0
   0006 00                   52 	.db #0x00	; 0
   0007 00                   53 	.db #0x00	; 0
   0008 00                   54 	.db #0x00	; 0
   0009 00                   55 	.db #0x00	; 0
   000A 00                   56 	.db #0x00	; 0
   000B 00                   57 	.db #0x00	; 0
   000C 00                   58 	.db #0x00	; 0
   000D 00                   59 	.db #0x00	; 0
   000E 00                   60 	.db #0x00	; 0
   000F 00                   61 	.db #0x00	; 0
   0010 00                   62 	.db #0x00	; 0
   0011 50                   63 	.db #0x50	; 80	'P'
   0012 50                   64 	.db #0x50	; 80	'P'
   0013 2A                   65 	.db #0x2a	; 42
   0014 00                   66 	.db #0x00	; 0
   0015 00                   67 	.db #0x00	; 0
   0016 50                   68 	.db #0x50	; 80	'P'
   0017 F0                   69 	.db #0xf0	; 240
   0018 2A                   70 	.db #0x2a	; 42
   0019 50                   71 	.db #0x50	; 80	'P'
   001A 2A                   72 	.db #0x2a	; 42
   001B 55                   73 	.db #0x55	; 85	'U'
   001C F5                   74 	.db #0xf5	; 245
   001D 2A                   75 	.db #0x2a	; 42
   001E 50                   76 	.db #0x50	; 80	'P'
   001F 2A                   77 	.db #0x2a	; 42
   0020 50                   78 	.db #0x50	; 80	'P'
   0021 F0                   79 	.db #0xf0	; 240
   0022 2A                   80 	.db #0x2a	; 42
   0023 50                   81 	.db #0x50	; 80	'P'
   0024 2A                   82 	.db #0x2a	; 42
   0025 44                   83 	.db #0x44	; 68	'D'
   0026 E4                   84 	.db #0xe4	; 228
   0027 2A                   85 	.db #0x2a	; 42
   0028 50                   86 	.db #0x50	; 80	'P'
   0029 2A                   87 	.db #0x2a	; 42
   002A 00                   88 	.db #0x00	; 0
   002B 9D                   89 	.db #0x9d	; 157
   002C 00                   90 	.db #0x00	; 0
   002D 00                   91 	.db #0x00	; 0
   002E D8                   92 	.db #0xd8	; 216
   002F D8                   93 	.db #0xd8	; 216
   0030 F0                   94 	.db #0xf0	; 240
   0031 2A                   95 	.db #0x2a	; 42
   0032 50                   96 	.db #0x50	; 80	'P'
   0033 F0                   97 	.db #0xf0	; 240
   0034 F0                   98 	.db #0xf0	; 240
   0035 D8                   99 	.db #0xd8	; 216
   0036 2A                  100 	.db #0x2a	; 42
   0037 50                  101 	.db #0x50	; 80	'P'
   0038 E4                  102 	.db #0xe4	; 228
   0039 E4                  103 	.db #0xe4	; 228
   003A E4                  104 	.db #0xe4	; 228
   003B 2A                  105 	.db #0x2a	; 42
   003C 44                  106 	.db #0x44	; 68	'D'
   003D F0                  107 	.db #0xf0	; 240
   003E F0                  108 	.db #0xf0	; 240
   003F F0                  109 	.db #0xf0	; 240
   0040 B5                  110 	.db #0xb5	; 181
   0041 50                  111 	.db #0x50	; 80	'P'
   0042 7A                  112 	.db #0x7a	; 122	'z'
   0043 2A                  113 	.db #0x2a	; 42
   0044 B5                  114 	.db #0xb5	; 181
   0045 9D                  115 	.db #0x9d	; 157
   0046 50                  116 	.db #0x50	; 80	'P'
   0047 7A                  117 	.db #0x7a	; 122	'z'
   0048 2A                  118 	.db #0x2a	; 42
   0049 B5                  119 	.db #0xb5	; 181
   004A B5                  120 	.db #0xb5	; 181
   004B 44                  121 	.db #0x44	; 68	'D'
   004C 2A                  122 	.db #0x2a	; 42
   004D B5                  123 	.db #0xb5	; 181
   004E 9D                  124 	.db #0x9d	; 157
   004F B5                  125 	.db #0xb5	; 181
   0050 00                  126 	.db #0x00	; 0
   0051 B5                  127 	.db #0xb5	; 181
   0052 B5                  128 	.db #0xb5	; 181
   0053 9D                  129 	.db #0x9d	; 157
   0054 B5                  130 	.db #0xb5	; 181
   0055                     131 _s_catty_1:
   0055 00                  132 	.db #0x00	; 0
   0056 00                  133 	.db #0x00	; 0
   0057 00                  134 	.db #0x00	; 0
   0058 00                  135 	.db #0x00	; 0
   0059 00                  136 	.db #0x00	; 0
   005A 00                  137 	.db #0x00	; 0
   005B 00                  138 	.db #0x00	; 0
   005C 00                  139 	.db #0x00	; 0
   005D 00                  140 	.db #0x00	; 0
   005E 00                  141 	.db #0x00	; 0
   005F 00                  142 	.db #0x00	; 0
   0060 00                  143 	.db #0x00	; 0
   0061 00                  144 	.db #0x00	; 0
   0062 00                  145 	.db #0x00	; 0
   0063 00                  146 	.db #0x00	; 0
   0064 00                  147 	.db #0x00	; 0
   0065 00                  148 	.db #0x00	; 0
   0066 04                  149 	.db #0x04	; 4
   0067 04                  150 	.db #0x04	; 4
   0068 2A                  151 	.db #0x2a	; 42
   0069 00                  152 	.db #0x00	; 0
   006A 00                  153 	.db #0x00	; 0
   006B 04                  154 	.db #0x04	; 4
   006C 0C                  155 	.db #0x0c	; 12
   006D 2A                  156 	.db #0x2a	; 42
   006E 04                  157 	.db #0x04	; 4
   006F 2A                  158 	.db #0x2a	; 42
   0070 55                  159 	.db #0x55	; 85	'U'
   0071 5D                  160 	.db #0x5d	; 93
   0072 2A                  161 	.db #0x2a	; 42
   0073 04                  162 	.db #0x04	; 4
   0074 2A                  163 	.db #0x2a	; 42
   0075 04                  164 	.db #0x04	; 4
   0076 0C                  165 	.db #0x0c	; 12
   0077 2A                  166 	.db #0x2a	; 42
   0078 04                  167 	.db #0x04	; 4
   0079 2A                  168 	.db #0x2a	; 42
   007A 45                  169 	.db #0x45	; 69	'E'
   007B 4D                  170 	.db #0x4d	; 77	'M'
   007C 2A                  171 	.db #0x2a	; 42
   007D 04                  172 	.db #0x04	; 4
   007E 2A                  173 	.db #0x2a	; 42
   007F 00                  174 	.db #0x00	; 0
   0080 8A                  175 	.db #0x8a	; 138
   0081 00                  176 	.db #0x00	; 0
   0082 00                  177 	.db #0x00	; 0
   0083 8E                  178 	.db #0x8e	; 142
   0084 8E                  179 	.db #0x8e	; 142
   0085 0C                  180 	.db #0x0c	; 12
   0086 2A                  181 	.db #0x2a	; 42
   0087 04                  182 	.db #0x04	; 4
   0088 0C                  183 	.db #0x0c	; 12
   0089 0C                  184 	.db #0x0c	; 12
   008A 8E                  185 	.db #0x8e	; 142
   008B 2A                  186 	.db #0x2a	; 42
   008C 04                  187 	.db #0x04	; 4
   008D 4D                  188 	.db #0x4d	; 77	'M'
   008E 4D                  189 	.db #0x4d	; 77	'M'
   008F 4D                  190 	.db #0x4d	; 77	'M'
   0090 2A                  191 	.db #0x2a	; 42
   0091 45                  192 	.db #0x45	; 69	'E'
   0092 0C                  193 	.db #0x0c	; 12
   0093 0C                  194 	.db #0x0c	; 12
   0094 0C                  195 	.db #0x0c	; 12
   0095 1D                  196 	.db #0x1d	; 29
   0096 04                  197 	.db #0x04	; 4
   0097 2E                  198 	.db #0x2e	; 46
   0098 2A                  199 	.db #0x2a	; 42
   0099 1D                  200 	.db #0x1d	; 29
   009A 9F                  201 	.db #0x9f	; 159
   009B 04                  202 	.db #0x04	; 4
   009C 2E                  203 	.db #0x2e	; 46
   009D 2A                  204 	.db #0x2a	; 42
   009E 1D                  205 	.db #0x1d	; 29
   009F 1D                  206 	.db #0x1d	; 29
   00A0 45                  207 	.db #0x45	; 69	'E'
   00A1 2A                  208 	.db #0x2a	; 42
   00A2 1D                  209 	.db #0x1d	; 29
   00A3 9F                  210 	.db #0x9f	; 159
   00A4 1D                  211 	.db #0x1d	; 29
   00A5 00                  212 	.db #0x00	; 0
   00A6 1D                  213 	.db #0x1d	; 29
   00A7 1D                  214 	.db #0x1d	; 29
   00A8 9F                  215 	.db #0x9f	; 159
   00A9 1D                  216 	.db #0x1d	; 29
                            217 	.area _INITIALIZER
                            218 	.area _CABS (ABS)
