                              1 ;--------------------------------------------------------
                              2 ; File Created by SDCC : free open source ANSI-C Compiler
                              3 ; Version 3.6.8 #9946 (Linux)
                              4 ;--------------------------------------------------------
                              5 	.module g_palette0
                              6 	.optsdcc -mz80
                              7 	
                              8 ;--------------------------------------------------------
                              9 ; Public variables in this module
                             10 ;--------------------------------------------------------
                             11 	.globl _g_palette0
                             12 ;--------------------------------------------------------
                             13 ; special function registers
                             14 ;--------------------------------------------------------
                             15 ;--------------------------------------------------------
                             16 ; ram data
                             17 ;--------------------------------------------------------
                             18 	.area _DATA
                             19 ;--------------------------------------------------------
                             20 ; ram data
                             21 ;--------------------------------------------------------
                             22 	.area _INITIALIZED
                             23 ;--------------------------------------------------------
                             24 ; absolute external ram data
                             25 ;--------------------------------------------------------
                             26 	.area _DABS (ABS)
                             27 ;--------------------------------------------------------
                             28 ; global & static initialisations
                             29 ;--------------------------------------------------------
                             30 	.area _HOME
                             31 	.area _GSINIT
                             32 	.area _GSFINAL
                             33 	.area _GSINIT
                             34 ;--------------------------------------------------------
                             35 ; Home
                             36 ;--------------------------------------------------------
                             37 	.area _HOME
                             38 	.area _HOME
                             39 ;--------------------------------------------------------
                             40 ; code
                             41 ;--------------------------------------------------------
                             42 	.area _CODE
                             43 	.area _CODE
   0000                      44 _g_palette0:
   0000 54                   45 	.db #0x54	; 84	'T'
   0001 40                   46 	.db #0x40	; 64
   0002 55                   47 	.db #0x55	; 85	'U'
   0003 5C                   48 	.db #0x5c	; 92
   0004 4C                   49 	.db #0x4c	; 76	'L'
   0005 4E                   50 	.db #0x4e	; 78	'N'
   0006 4A                   51 	.db #0x4a	; 74	'J'
   0007 5E                   52 	.db #0x5e	; 94
   0008 47                   53 	.db #0x47	; 71	'G'
   0009 56                   54 	.db #0x56	; 86	'V'
   000A 46                   55 	.db #0x46	; 70	'F'
   000B 5F                   56 	.db #0x5f	; 95
   000C 57                   57 	.db #0x57	; 87	'W'
   000D 53                   58 	.db #0x53	; 83	'S'
   000E 44                   59 	.db #0x44	; 68	'D'
   000F 4B                   60 	.db #0x4b	; 75	'K'
                             61 	.area _INITIALIZER
                             62 	.area _CABS (ABS)
